<?xml version="1.0" encoding="UTF-8"?>
<robot generator="Robot 3.2.2 (Python 3.7.4 on win32)" generated="20210207 17:32:29.450" rpa="false">
<suite id="s1" name="Invalid Edit Profile" source="D:\Github\STSWENG-JOWABLES\robot_framework\edit_profile\invalid_edit_profile.robot">
<kw name="Login Successfully" library="resource" type="setup">
<kw name="Go to Login Page" library="resource">
<kw name="Open Browser to Home Page" library="resource">
<kw name="Open Browser" library="SeleniumLibrary">
<doc>Opens a new browser instance to the optional ``url``.</doc>
<arguments>
<arg>${MAIN URL}</arg>
<arg>${BROWSER}</arg>
</arguments>
<msg timestamp="20210207 17:32:29.670" level="INFO">Opening browser 'Chrome' to base url 'https://salawalco.herokuapp.com/'.</msg>
<status status="PASS" starttime="20210207 17:32:29.670" endtime="20210207 17:32:41.453"></status>
</kw>
<kw name="Maximize Browser Window" library="SeleniumLibrary">
<doc>Maximizes current browser window.</doc>
<status status="PASS" starttime="20210207 17:32:41.454" endtime="20210207 17:32:41.592"></status>
</kw>
<kw name="Set Selenium Speed" library="SeleniumLibrary">
<doc>Sets the delay that is waited after each Selenium command.</doc>
<arguments>
<arg>${DELAY}</arg>
</arguments>
<status status="PASS" starttime="20210207 17:32:41.592" endtime="20210207 17:32:41.593"></status>
</kw>
<kw name="Page Should Contain Element" library="SeleniumLibrary">
<doc>Verifies that element ``locator`` is found on the current page.</doc>
<arguments>
<arg>class:masthead-banner</arg>
</arguments>
<msg timestamp="20210207 17:32:41.613" level="INFO">Current page contains element 'class:masthead-banner'.</msg>
<status status="PASS" starttime="20210207 17:32:41.593" endtime="20210207 17:32:41.613"></status>
</kw>
<status status="PASS" starttime="20210207 17:32:29.670" endtime="20210207 17:32:41.613"></status>
</kw>
<kw name="Click Profile Icon" library="resource">
<kw name="Click Element" library="SeleniumLibrary">
<doc>Click the element identified by ``locator``.</doc>
<arguments>
<arg>id:proficon</arg>
</arguments>
<msg timestamp="20210207 17:32:41.614" level="INFO">Clicking element 'id:proficon'.</msg>
<status status="PASS" starttime="20210207 17:32:41.613" endtime="20210207 17:32:44.004"></status>
</kw>
<status status="PASS" starttime="20210207 17:32:41.613" endtime="20210207 17:32:44.004"></status>
</kw>
<kw name="Login Page Should Be Open" library="resource">
<kw name="Page Should Contain Element" library="SeleniumLibrary">
<doc>Verifies that element ``locator`` is found on the current page.</doc>
<arguments>
<arg>id:logbtn</arg>
</arguments>
<msg timestamp="20210207 17:32:44.020" level="INFO">Current page contains element 'id:logbtn'.</msg>
<status status="PASS" starttime="20210207 17:32:44.004" endtime="20210207 17:32:44.021"></status>
</kw>
<status status="PASS" starttime="20210207 17:32:44.004" endtime="20210207 17:32:44.021"></status>
</kw>
<status status="PASS" starttime="20210207 17:32:29.670" endtime="20210207 17:32:44.021"></status>
</kw>
<kw name="Input Email in Login" library="resource">
<arguments>
<arg>${ORIGINAL EMAIL}</arg>
</arguments>
<kw name="Input Text" library="SeleniumLibrary">
<doc>Types the given ``text`` into the text field identified by ``locator``.</doc>
<arguments>
<arg>id:logemail</arg>
<arg>${email}</arg>
</arguments>
<msg timestamp="20210207 17:32:44.022" level="INFO">Typing text 'sophiasee@gmail.com' into text field 'id:logemail'.</msg>
<status status="PASS" starttime="20210207 17:32:44.021" endtime="20210207 17:32:44.147"></status>
</kw>
<status status="PASS" starttime="20210207 17:32:44.021" endtime="20210207 17:32:44.148"></status>
</kw>
<kw name="Input Password in Login" library="resource">
<arguments>
<arg>${ORIGINAL PASSWORD}</arg>
</arguments>
<kw name="Input Text" library="SeleniumLibrary">
<doc>Types the given ``text`` into the text field identified by ``locator``.</doc>
<arguments>
<arg>id:logpass</arg>
<arg>${password}</arg>
</arguments>
<msg timestamp="20210207 17:32:44.154" level="INFO">Typing text '12345678' into text field 'id:logpass'.</msg>
<status status="PASS" starttime="20210207 17:32:44.151" endtime="20210207 17:32:44.265"></status>
</kw>
<status status="PASS" starttime="20210207 17:32:44.148" endtime="20210207 17:32:44.265"></status>
</kw>
<kw name="Click Login Button" library="resource">
<kw name="Click Button" library="SeleniumLibrary">
<doc>Clicks the button identified by ``locator``.</doc>
<arguments>
<arg>id:logbtn</arg>
</arguments>
<msg timestamp="20210207 17:32:44.267" level="INFO">Clicking button 'id:logbtn'.</msg>
<status status="PASS" starttime="20210207 17:32:44.267" endtime="20210207 17:32:49.278"></status>
</kw>
<status status="PASS" starttime="20210207 17:32:44.266" endtime="20210207 17:32:49.282"></status>
</kw>
<kw name="Location Should Be" library="SeleniumLibrary">
<doc>Verifies that the current URL is exactly ``url``.</doc>
<arguments>
<arg>${MAIN URL}</arg>
</arguments>
<msg timestamp="20210207 17:32:49.294" level="INFO">Current location is 'https://salawalco.herokuapp.com/'.</msg>
<status status="PASS" starttime="20210207 17:32:49.282" endtime="20210207 17:32:49.294"></status>
</kw>
<status status="PASS" starttime="20210207 17:32:29.669" endtime="20210207 17:32:49.294"></status>
</kw>
<test id="s1-t1" name="Edit Invalid Email Should Fail">
<kw name="Go To Profile" library="resource" type="setup">
<kw name="Click Profile Icon" library="resource">
<kw name="Click Element" library="SeleniumLibrary">
<doc>Click the element identified by ``locator``.</doc>
<arguments>
<arg>id:proficon</arg>
</arguments>
<msg timestamp="20210207 17:32:49.301" level="INFO">Clicking element 'id:proficon'.</msg>
<status status="PASS" starttime="20210207 17:32:49.301" endtime="20210207 17:32:52.444"></status>
</kw>
<status status="PASS" starttime="20210207 17:32:49.298" endtime="20210207 17:32:52.444"></status>
</kw>
<kw name="Location Should Be" library="SeleniumLibrary">
<doc>Verifies that the current URL is exactly ``url``.</doc>
<arguments>
<arg>${LOGIN URL}</arg>
</arguments>
<msg timestamp="20210207 17:32:52.451" level="INFO">Current location is 'https://salawalco.herokuapp.com/profile'.</msg>
<status status="PASS" starttime="20210207 17:32:52.446" endtime="20210207 17:32:52.453"></status>
</kw>
<kw name="User Profile Should Be Accessible" library="resource">
<kw name="Page Should Contain Element" library="SeleniumLibrary">
<doc>Verifies that element ``locator`` is found on the current page.</doc>
<arguments>
<arg>class:profile-edit</arg>
</arguments>
<msg timestamp="20210207 17:32:52.469" level="INFO">Current page contains element 'class:profile-edit'.</msg>
<status status="PASS" starttime="20210207 17:32:52.453" endtime="20210207 17:32:52.469"></status>
</kw>
<status status="PASS" starttime="20210207 17:32:52.453" endtime="20210207 17:32:52.469"></status>
</kw>
<status status="PASS" starttime="20210207 17:32:49.297" endtime="20210207 17:32:52.469"></status>
</kw>
<kw name="Edit Profile" library="resource">
<kw name="Click Button" library="SeleniumLibrary">
<doc>Clicks the button identified by ``locator``.</doc>
<arguments>
<arg>class:profile-edit</arg>
</arguments>
<msg timestamp="20210207 17:32:52.470" level="INFO">Clicking button 'class:profile-edit'.</msg>
<status status="PASS" starttime="20210207 17:32:52.470" endtime="20210207 17:32:52.552"></status>
</kw>
<status status="PASS" starttime="20210207 17:32:52.470" endtime="20210207 17:32:52.553"></status>
</kw>
<kw name="Set Selenium Speed" library="SeleniumLibrary">
<doc>Sets the delay that is waited after each Selenium command.</doc>
<arguments>
<arg>0.5</arg>
</arguments>
<status status="PASS" starttime="20210207 17:32:52.553" endtime="20210207 17:32:52.553"></status>
</kw>
<kw name="Input Email in Edit Profile" library="resource">
<arguments>
<arg>${INVALID EMAIL}</arg>
</arguments>
<kw name="Input Text" library="SeleniumLibrary">
<doc>Types the given ``text`` into the text field identified by ``locator``.</doc>
<arguments>
<arg>id:editemail</arg>
<arg>${email}</arg>
</arguments>
<msg timestamp="20210207 17:32:52.555" level="INFO">Typing text 'email@-example.com' into text field 'id:editemail'.</msg>
<status status="PASS" starttime="20210207 17:32:52.554" endtime="20210207 17:32:54.231"></status>
</kw>
<status status="PASS" starttime="20210207 17:32:52.554" endtime="20210207 17:32:54.231"></status>
</kw>
<kw name="Set Selenium Speed" library="SeleniumLibrary">
<doc>Sets the delay that is waited after each Selenium command.</doc>
<arguments>
<arg>0</arg>
</arguments>
<status status="PASS" starttime="20210207 17:32:54.233" endtime="20210207 17:32:54.234"></status>
</kw>
<kw name="Submit New email" library="resource">
<kw name="Click Button" library="SeleniumLibrary">
<doc>Clicks the button identified by ``locator``.</doc>
<arguments>
<arg>id:email-save-btn</arg>
</arguments>
<msg timestamp="20210207 17:32:54.241" level="INFO">Clicking button 'id:email-save-btn'.</msg>
<status status="PASS" starttime="20210207 17:32:54.239" endtime="20210207 17:32:58.662"></status>
</kw>
<status status="PASS" starttime="20210207 17:32:54.236" endtime="20210207 17:32:58.663"></status>
</kw>
<kw name="Edit Should Have Failed (Invalid Email)" library="resource">
<kw name="Element Text Should Be" library="SeleniumLibrary">
<doc>Verifies that element ``locator`` contains exact the text ``expected``.</doc>
<arguments>
<arg>id=error-msg</arg>
<arg>Error: Please provide a valid email.</arg>
</arguments>
<msg timestamp="20210207 17:32:58.665" level="INFO">Verifying element 'id=error-msg' contains exact text 'Error: Please provide a valid email.'.</msg>
<status status="PASS" starttime="20210207 17:32:58.664" endtime="20210207 17:32:58.725"></status>
</kw>
<status status="PASS" starttime="20210207 17:32:58.664" endtime="20210207 17:32:58.725"></status>
</kw>
<status status="PASS" starttime="20210207 17:32:49.294" endtime="20210207 17:32:58.726" critical="yes"></status>
</test>
<test id="s1-t2" name="Edit Invalid Password Should Fail">
<kw name="Go To Profile" library="resource" type="setup">
<kw name="Click Profile Icon" library="resource">
<kw name="Click Element" library="SeleniumLibrary">
<doc>Click the element identified by ``locator``.</doc>
<arguments>
<arg>id:proficon</arg>
</arguments>
<msg timestamp="20210207 17:32:58.740" level="INFO">Clicking element 'id:proficon'.</msg>
<status status="PASS" starttime="20210207 17:32:58.740" endtime="20210207 17:33:01.878"></status>
</kw>
<status status="PASS" starttime="20210207 17:32:58.738" endtime="20210207 17:33:01.878"></status>
</kw>
<kw name="Location Should Be" library="SeleniumLibrary">
<doc>Verifies that the current URL is exactly ``url``.</doc>
<arguments>
<arg>${LOGIN URL}</arg>
</arguments>
<msg timestamp="20210207 17:33:01.890" level="INFO">Current location is 'https://salawalco.herokuapp.com/profile'.</msg>
<status status="PASS" starttime="20210207 17:33:01.879" endtime="20210207 17:33:01.891"></status>
</kw>
<kw name="User Profile Should Be Accessible" library="resource">
<kw name="Page Should Contain Element" library="SeleniumLibrary">
<doc>Verifies that element ``locator`` is found on the current page.</doc>
<arguments>
<arg>class:profile-edit</arg>
</arguments>
<msg timestamp="20210207 17:33:01.905" level="INFO">Current page contains element 'class:profile-edit'.</msg>
<status status="PASS" starttime="20210207 17:33:01.891" endtime="20210207 17:33:01.905"></status>
</kw>
<status status="PASS" starttime="20210207 17:33:01.891" endtime="20210207 17:33:01.905"></status>
</kw>
<status status="PASS" starttime="20210207 17:32:58.736" endtime="20210207 17:33:01.905"></status>
</kw>
<kw name="Edit Profile" library="resource">
<kw name="Click Button" library="SeleniumLibrary">
<doc>Clicks the button identified by ``locator``.</doc>
<arguments>
<arg>class:profile-edit</arg>
</arguments>
<msg timestamp="20210207 17:33:01.907" level="INFO">Clicking button 'class:profile-edit'.</msg>
<status status="PASS" starttime="20210207 17:33:01.907" endtime="20210207 17:33:01.988"></status>
</kw>
<status status="PASS" starttime="20210207 17:33:01.906" endtime="20210207 17:33:01.988"></status>
</kw>
<kw name="Set Selenium Speed" library="SeleniumLibrary">
<doc>Sets the delay that is waited after each Selenium command.</doc>
<arguments>
<arg>0.5</arg>
</arguments>
<status status="PASS" starttime="20210207 17:33:01.989" endtime="20210207 17:33:01.990"></status>
</kw>
<kw name="Input Password in Edit Profile" library="resource">
<arguments>
<arg>${INVALID PASSWORD}</arg>
</arguments>
<kw name="Input Text" library="SeleniumLibrary">
<doc>Types the given ``text`` into the text field identified by ``locator``.</doc>
<arguments>
<arg>id:editpassword</arg>
<arg>${password}</arg>
</arguments>
<msg timestamp="20210207 17:33:01.991" level="INFO">Typing text '123' into text field 'id:editpassword'.</msg>
<status status="PASS" starttime="20210207 17:33:01.991" endtime="20210207 17:33:03.648"></status>
</kw>
<kw name="Input Text" library="SeleniumLibrary">
<doc>Types the given ``text`` into the text field identified by ``locator``.</doc>
<arguments>
<arg>id:cpassword</arg>
<arg>${password}</arg>
</arguments>
<msg timestamp="20210207 17:33:03.649" level="INFO">Typing text '123' into text field 'id:cpassword'.</msg>
<status status="PASS" starttime="20210207 17:33:03.649" endtime="20210207 17:33:05.301"></status>
</kw>
<status status="PASS" starttime="20210207 17:33:01.990" endtime="20210207 17:33:05.301"></status>
</kw>
<kw name="Set Selenium Speed" library="SeleniumLibrary">
<doc>Sets the delay that is waited after each Selenium command.</doc>
<arguments>
<arg>0</arg>
</arguments>
<status status="PASS" starttime="20210207 17:33:05.303" endtime="20210207 17:33:05.303"></status>
</kw>
<kw name="Submit New Password" library="resource">
<kw name="Click Button" library="SeleniumLibrary">
<doc>Clicks the button identified by ``locator``.</doc>
<arguments>
<arg>id:pass-save-btn</arg>
</arguments>
<msg timestamp="20210207 17:33:05.304" level="INFO">Clicking button 'id:pass-save-btn'.</msg>
<status status="PASS" starttime="20210207 17:33:05.304" endtime="20210207 17:33:09.703"></status>
</kw>
<status status="PASS" starttime="20210207 17:33:05.303" endtime="20210207 17:33:09.703"></status>
</kw>
<kw name="Edit Should Have Failed (Invalid or Null Password)" library="resource">
<kw name="Element Text Should Be" library="SeleniumLibrary">
<doc>Verifies that element ``locator`` contains exact the text ``expected``.</doc>
<arguments>
<arg>id=error-msg</arg>
<arg>Error: Password needs to be at least 8 characters long. Confirm password needs to be at least 8 characters long.</arg>
</arguments>
<msg timestamp="20210207 17:33:09.705" level="INFO">Verifying element 'id=error-msg' contains exact text 'Error: Password needs to be at least 8 characters long. Confirm password needs to be at least 8 characters long.'.</msg>
<status status="PASS" starttime="20210207 17:33:09.704" endtime="20210207 17:33:09.745"></status>
</kw>
<status status="PASS" starttime="20210207 17:33:09.704" endtime="20210207 17:33:09.747"></status>
</kw>
<status status="PASS" starttime="20210207 17:32:58.733" endtime="20210207 17:33:09.748" critical="yes"></status>
</test>
<test id="s1-t3" name="Edit Null Email Should Fail">
<kw name="Go To Profile" library="resource" type="setup">
<kw name="Click Profile Icon" library="resource">
<kw name="Click Element" library="SeleniumLibrary">
<doc>Click the element identified by ``locator``.</doc>
<arguments>
<arg>id:proficon</arg>
</arguments>
<msg timestamp="20210207 17:33:09.752" level="INFO">Clicking element 'id:proficon'.</msg>
<status status="PASS" starttime="20210207 17:33:09.752" endtime="20210207 17:33:12.867"></status>
</kw>
<status status="PASS" starttime="20210207 17:33:09.752" endtime="20210207 17:33:12.867"></status>
</kw>
<kw name="Location Should Be" library="SeleniumLibrary">
<doc>Verifies that the current URL is exactly ``url``.</doc>
<arguments>
<arg>${LOGIN URL}</arg>
</arguments>
<msg timestamp="20210207 17:33:12.875" level="INFO">Current location is 'https://salawalco.herokuapp.com/profile'.</msg>
<status status="PASS" starttime="20210207 17:33:12.868" endtime="20210207 17:33:12.876"></status>
</kw>
<kw name="User Profile Should Be Accessible" library="resource">
<kw name="Page Should Contain Element" library="SeleniumLibrary">
<doc>Verifies that element ``locator`` is found on the current page.</doc>
<arguments>
<arg>class:profile-edit</arg>
</arguments>
<msg timestamp="20210207 17:33:12.885" level="INFO">Current page contains element 'class:profile-edit'.</msg>
<status status="PASS" starttime="20210207 17:33:12.876" endtime="20210207 17:33:12.885"></status>
</kw>
<status status="PASS" starttime="20210207 17:33:12.876" endtime="20210207 17:33:12.885"></status>
</kw>
<status status="PASS" starttime="20210207 17:33:09.752" endtime="20210207 17:33:12.886"></status>
</kw>
<kw name="Edit Profile" library="resource">
<kw name="Click Button" library="SeleniumLibrary">
<doc>Clicks the button identified by ``locator``.</doc>
<arguments>
<arg>class:profile-edit</arg>
</arguments>
<msg timestamp="20210207 17:33:12.887" level="INFO">Clicking button 'class:profile-edit'.</msg>
<status status="PASS" starttime="20210207 17:33:12.887" endtime="20210207 17:33:12.971"></status>
</kw>
<status status="PASS" starttime="20210207 17:33:12.887" endtime="20210207 17:33:12.971"></status>
</kw>
<kw name="Set Selenium Speed" library="SeleniumLibrary">
<doc>Sets the delay that is waited after each Selenium command.</doc>
<arguments>
<arg>0.5</arg>
</arguments>
<status status="PASS" starttime="20210207 17:33:12.972" endtime="20210207 17:33:12.973"></status>
</kw>
<kw name="Input Email in Edit Profile" library="resource">
<arguments>
<arg>${NULL EMAIL}</arg>
</arguments>
<kw name="Input Text" library="SeleniumLibrary">
<doc>Types the given ``text`` into the text field identified by ``locator``.</doc>
<arguments>
<arg>id:editemail</arg>
<arg>${email}</arg>
</arguments>
<msg timestamp="20210207 17:33:12.977" level="INFO">Typing text '' into text field 'id:editemail'.</msg>
<status status="PASS" starttime="20210207 17:33:12.977" endtime="20210207 17:33:14.605"></status>
</kw>
<status status="PASS" starttime="20210207 17:33:12.975" endtime="20210207 17:33:14.605"></status>
</kw>
<kw name="Set Selenium Speed" library="SeleniumLibrary">
<doc>Sets the delay that is waited after each Selenium command.</doc>
<arguments>
<arg>0</arg>
</arguments>
<status status="PASS" starttime="20210207 17:33:14.607" endtime="20210207 17:33:14.607"></status>
</kw>
<kw name="Submit New email" library="resource">
<kw name="Click Button" library="SeleniumLibrary">
<doc>Clicks the button identified by ``locator``.</doc>
<arguments>
<arg>id:email-save-btn</arg>
</arguments>
<msg timestamp="20210207 17:33:14.610" level="INFO">Clicking button 'id:email-save-btn'.</msg>
<status status="PASS" starttime="20210207 17:33:14.610" endtime="20210207 17:33:19.027"></status>
</kw>
<status status="PASS" starttime="20210207 17:33:14.609" endtime="20210207 17:33:19.028"></status>
</kw>
<kw name="Edit Should Have Failed (Null Email)" library="resource">
<kw name="Element Text Should Be" library="SeleniumLibrary">
<doc>Verifies that element ``locator`` contains exact the text ``expected``.</doc>
<arguments>
<arg>id=error-msg</arg>
<arg>Error: Email is required. Please provide a valid email.</arg>
</arguments>
<msg timestamp="20210207 17:33:19.029" level="INFO">Verifying element 'id=error-msg' contains exact text 'Error: Email is required. Please provide a valid email.'.</msg>
<status status="PASS" starttime="20210207 17:33:19.029" endtime="20210207 17:33:19.056"></status>
</kw>
<status status="PASS" starttime="20210207 17:33:19.029" endtime="20210207 17:33:19.057"></status>
</kw>
<status status="PASS" starttime="20210207 17:33:09.751" endtime="20210207 17:33:19.057" critical="yes"></status>
</test>
<test id="s1-t4" name="Edit Null Password Should Fail">
<kw name="Go To Profile" library="resource" type="setup">
<kw name="Click Profile Icon" library="resource">
<kw name="Click Element" library="SeleniumLibrary">
<doc>Click the element identified by ``locator``.</doc>
<arguments>
<arg>id:proficon</arg>
</arguments>
<msg timestamp="20210207 17:33:19.061" level="INFO">Clicking element 'id:proficon'.</msg>
<status status="PASS" starttime="20210207 17:33:19.061" endtime="20210207 17:33:22.196"></status>
</kw>
<status status="PASS" starttime="20210207 17:33:19.061" endtime="20210207 17:33:22.197"></status>
</kw>
<kw name="Location Should Be" library="SeleniumLibrary">
<doc>Verifies that the current URL is exactly ``url``.</doc>
<arguments>
<arg>${LOGIN URL}</arg>
</arguments>
<msg timestamp="20210207 17:33:22.203" level="INFO">Current location is 'https://salawalco.herokuapp.com/profile'.</msg>
<status status="PASS" starttime="20210207 17:33:22.197" endtime="20210207 17:33:22.203"></status>
</kw>
<kw name="User Profile Should Be Accessible" library="resource">
<kw name="Page Should Contain Element" library="SeleniumLibrary">
<doc>Verifies that element ``locator`` is found on the current page.</doc>
<arguments>
<arg>class:profile-edit</arg>
</arguments>
<msg timestamp="20210207 17:33:22.212" level="INFO">Current page contains element 'class:profile-edit'.</msg>
<status status="PASS" starttime="20210207 17:33:22.204" endtime="20210207 17:33:22.212"></status>
</kw>
<status status="PASS" starttime="20210207 17:33:22.203" endtime="20210207 17:33:22.213"></status>
</kw>
<status status="PASS" starttime="20210207 17:33:19.060" endtime="20210207 17:33:22.213"></status>
</kw>
<kw name="Edit Profile" library="resource">
<kw name="Click Button" library="SeleniumLibrary">
<doc>Clicks the button identified by ``locator``.</doc>
<arguments>
<arg>class:profile-edit</arg>
</arguments>
<msg timestamp="20210207 17:33:22.217" level="INFO">Clicking button 'class:profile-edit'.</msg>
<status status="PASS" starttime="20210207 17:33:22.217" endtime="20210207 17:33:22.301"></status>
</kw>
<status status="PASS" starttime="20210207 17:33:22.217" endtime="20210207 17:33:22.301"></status>
</kw>
<kw name="Set Selenium Speed" library="SeleniumLibrary">
<doc>Sets the delay that is waited after each Selenium command.</doc>
<arguments>
<arg>0.5</arg>
</arguments>
<status status="PASS" starttime="20210207 17:33:22.302" endtime="20210207 17:33:22.302"></status>
</kw>
<kw name="Input Password in Edit Profile" library="resource">
<arguments>
<arg>${NULL PASSWORD}</arg>
</arguments>
<kw name="Input Text" library="SeleniumLibrary">
<doc>Types the given ``text`` into the text field identified by ``locator``.</doc>
<arguments>
<arg>id:editpassword</arg>
<arg>${password}</arg>
</arguments>
<msg timestamp="20210207 17:33:22.303" level="INFO">Typing text '' into text field 'id:editpassword'.</msg>
<status status="PASS" starttime="20210207 17:33:22.303" endtime="20210207 17:33:23.981"></status>
</kw>
<kw name="Input Text" library="SeleniumLibrary">
<doc>Types the given ``text`` into the text field identified by ``locator``.</doc>
<arguments>
<arg>id:cpassword</arg>
<arg>${password}</arg>
</arguments>
<msg timestamp="20210207 17:33:23.982" level="INFO">Typing text '' into text field 'id:cpassword'.</msg>
<status status="PASS" starttime="20210207 17:33:23.981" endtime="20210207 17:33:25.620"></status>
</kw>
<status status="PASS" starttime="20210207 17:33:22.303" endtime="20210207 17:33:25.621"></status>
</kw>
<kw name="Set Selenium Speed" library="SeleniumLibrary">
<doc>Sets the delay that is waited after each Selenium command.</doc>
<arguments>
<arg>0</arg>
</arguments>
<status status="PASS" starttime="20210207 17:33:25.623" endtime="20210207 17:33:25.625"></status>
</kw>
<kw name="Submit New Password" library="resource">
<kw name="Click Button" library="SeleniumLibrary">
<doc>Clicks the button identified by ``locator``.</doc>
<arguments>
<arg>id:pass-save-btn</arg>
</arguments>
<msg timestamp="20210207 17:33:25.631" level="INFO">Clicking button 'id:pass-save-btn'.</msg>
<status status="PASS" starttime="20210207 17:33:25.630" endtime="20210207 17:33:30.064"></status>
</kw>
<status status="PASS" starttime="20210207 17:33:25.628" endtime="20210207 17:33:30.065"></status>
</kw>
<kw name="Edit Should Have Failed (Invalid or Null Password)" library="resource">
<kw name="Element Text Should Be" library="SeleniumLibrary">
<doc>Verifies that element ``locator`` contains exact the text ``expected``.</doc>
<arguments>
<arg>id=error-msg</arg>
<arg>Error: Password needs to be at least 8 characters long. Confirm password needs to be at least 8 characters long.</arg>
</arguments>
<msg timestamp="20210207 17:33:30.066" level="INFO">Verifying element 'id=error-msg' contains exact text 'Error: Password needs to be at least 8 characters long. Confirm password needs to be at least 8 characters long.'.</msg>
<status status="PASS" starttime="20210207 17:33:30.066" endtime="20210207 17:33:30.098"></status>
</kw>
<status status="PASS" starttime="20210207 17:33:30.065" endtime="20210207 17:33:30.098"></status>
</kw>
<status status="PASS" starttime="20210207 17:33:19.060" endtime="20210207 17:33:30.099" critical="yes"></status>
</test>
<test id="s1-t5" name="Edit Valid Password But Not Matched With Confirm Password Should Fail">
<kw name="Go To Profile" library="resource" type="setup">
<kw name="Click Profile Icon" library="resource">
<kw name="Click Element" library="SeleniumLibrary">
<doc>Click the element identified by ``locator``.</doc>
<arguments>
<arg>id:proficon</arg>
</arguments>
<msg timestamp="20210207 17:33:30.103" level="INFO">Clicking element 'id:proficon'.</msg>
<status status="PASS" starttime="20210207 17:33:30.103" endtime="20210207 17:33:33.362"></status>
</kw>
<status status="PASS" starttime="20210207 17:33:30.103" endtime="20210207 17:33:33.362"></status>
</kw>
<kw name="Location Should Be" library="SeleniumLibrary">
<doc>Verifies that the current URL is exactly ``url``.</doc>
<arguments>
<arg>${LOGIN URL}</arg>
</arguments>
<msg timestamp="20210207 17:33:33.371" level="INFO">Current location is 'https://salawalco.herokuapp.com/profile'.</msg>
<status status="PASS" starttime="20210207 17:33:33.362" endtime="20210207 17:33:33.371"></status>
</kw>
<kw name="User Profile Should Be Accessible" library="resource">
<kw name="Page Should Contain Element" library="SeleniumLibrary">
<doc>Verifies that element ``locator`` is found on the current page.</doc>
<arguments>
<arg>class:profile-edit</arg>
</arguments>
<msg timestamp="20210207 17:33:33.390" level="INFO">Current page contains element 'class:profile-edit'.</msg>
<status status="PASS" starttime="20210207 17:33:33.373" endtime="20210207 17:33:33.390"></status>
</kw>
<status status="PASS" starttime="20210207 17:33:33.372" endtime="20210207 17:33:33.390"></status>
</kw>
<status status="PASS" starttime="20210207 17:33:30.103" endtime="20210207 17:33:33.390"></status>
</kw>
<kw name="Edit Profile" library="resource">
<kw name="Click Button" library="SeleniumLibrary">
<doc>Clicks the button identified by ``locator``.</doc>
<arguments>
<arg>class:profile-edit</arg>
</arguments>
<msg timestamp="20210207 17:33:33.394" level="INFO">Clicking button 'class:profile-edit'.</msg>
<status status="PASS" starttime="20210207 17:33:33.394" endtime="20210207 17:33:33.486"></status>
</kw>
<status status="PASS" starttime="20210207 17:33:33.394" endtime="20210207 17:33:33.487"></status>
</kw>
<kw name="Set Selenium Speed" library="SeleniumLibrary">
<doc>Sets the delay that is waited after each Selenium command.</doc>
<arguments>
<arg>0.5</arg>
</arguments>
<status status="PASS" starttime="20210207 17:33:33.489" endtime="20210207 17:33:33.490"></status>
</kw>
<kw name="Input Password in Edit Profile" library="resource">
<arguments>
<arg>${VALID PASSWORD}</arg>
</arguments>
<kw name="Input Text" library="SeleniumLibrary">
<doc>Types the given ``text`` into the text field identified by ``locator``.</doc>
<arguments>
<arg>id:editpassword</arg>
<arg>${password}</arg>
</arguments>
<msg timestamp="20210207 17:33:33.492" level="INFO">Typing text '123456789' into text field 'id:editpassword'.</msg>
<status status="PASS" starttime="20210207 17:33:33.491" endtime="20210207 17:33:35.106"></status>
</kw>
<kw name="Input Text" library="SeleniumLibrary">
<doc>Types the given ``text`` into the text field identified by ``locator``.</doc>
<arguments>
<arg>id:cpassword</arg>
<arg>${password}</arg>
</arguments>
<msg timestamp="20210207 17:33:35.106" level="INFO">Typing text '123456789' into text field 'id:cpassword'.</msg>
<status status="PASS" starttime="20210207 17:33:35.106" endtime="20210207 17:33:36.745"></status>
</kw>
<status status="PASS" starttime="20210207 17:33:33.491" endtime="20210207 17:33:36.746"></status>
</kw>
<kw name="Set Selenium Speed" library="SeleniumLibrary">
<doc>Sets the delay that is waited after each Selenium command.</doc>
<arguments>
<arg>0</arg>
</arguments>
<status status="PASS" starttime="20210207 17:33:36.746" endtime="20210207 17:33:36.747"></status>
</kw>
<kw name="Input Different Confirm Password in Edit Profile" library="resource">
<arguments>
<arg>${NULL PASSWORD}</arg>
</arguments>
<kw name="Input Text" library="SeleniumLibrary">
<doc>Types the given ``text`` into the text field identified by ``locator``.</doc>
<arguments>
<arg>id:cpassword</arg>
<arg>${password}</arg>
</arguments>
<msg timestamp="20210207 17:33:36.751" level="INFO">Typing text '' into text field 'id:cpassword'.</msg>
<status status="PASS" starttime="20210207 17:33:36.751" endtime="20210207 17:33:36.828"></status>
</kw>
<status status="PASS" starttime="20210207 17:33:36.749" endtime="20210207 17:33:36.828"></status>
</kw>
<kw name="Submit New Password" library="resource">
<kw name="Click Button" library="SeleniumLibrary">
<doc>Clicks the button identified by ``locator``.</doc>
<arguments>
<arg>id:pass-save-btn</arg>
</arguments>
<msg timestamp="20210207 17:33:36.830" level="INFO">Clicking button 'id:pass-save-btn'.</msg>
<status status="PASS" starttime="20210207 17:33:36.830" endtime="20210207 17:33:43.457"></status>
</kw>
<status status="PASS" starttime="20210207 17:33:36.829" endtime="20210207 17:33:43.458"></status>
</kw>
<kw name="Edit Should Have Failed (Not Matching Password)" library="resource">
<kw name="Element Text Should Be" library="SeleniumLibrary">
<doc>Verifies that element ``locator`` contains exact the text ``expected``.</doc>
<arguments>
<arg>id=error-msg</arg>
<arg>Error: Confirm password needs to be at least 8 characters long. Passwords need to match.</arg>
</arguments>
<msg timestamp="20210207 17:33:43.505" level="INFO">Verifying element 'id=error-msg' contains exact text 'Error: Confirm password needs to be at least 8 characters long. Passwords need to match.'.</msg>
<status status="PASS" starttime="20210207 17:33:43.504" endtime="20210207 17:33:43.530"></status>
</kw>
<status status="PASS" starttime="20210207 17:33:43.503" endtime="20210207 17:33:43.530"></status>
</kw>
<status status="PASS" starttime="20210207 17:33:30.101" endtime="20210207 17:33:43.538" critical="yes"></status>
</test>
<test id="s1-t6" name="Edit Shipping Details Should Fail (Invalid Full Name)">
<kw name="Go To Profile" library="resource" type="setup">
<kw name="Click Profile Icon" library="resource">
<kw name="Click Element" library="SeleniumLibrary">
<doc>Click the element identified by ``locator``.</doc>
<arguments>
<arg>id:proficon</arg>
</arguments>
<msg timestamp="20210207 17:33:43.544" level="INFO">Clicking element 'id:proficon'.</msg>
<status status="PASS" starttime="20210207 17:33:43.544" endtime="20210207 17:33:46.624"></status>
</kw>
<status status="PASS" starttime="20210207 17:33:43.544" endtime="20210207 17:33:46.625"></status>
</kw>
<kw name="Location Should Be" library="SeleniumLibrary">
<doc>Verifies that the current URL is exactly ``url``.</doc>
<arguments>
<arg>${LOGIN URL}</arg>
</arguments>
<msg timestamp="20210207 17:33:46.637" level="INFO">Current location is 'https://salawalco.herokuapp.com/profile'.</msg>
<status status="PASS" starttime="20210207 17:33:46.625" endtime="20210207 17:33:46.637"></status>
</kw>
<kw name="User Profile Should Be Accessible" library="resource">
<kw name="Page Should Contain Element" library="SeleniumLibrary">
<doc>Verifies that element ``locator`` is found on the current page.</doc>
<arguments>
<arg>class:profile-edit</arg>
</arguments>
<msg timestamp="20210207 17:33:46.658" level="INFO">Current page contains element 'class:profile-edit'.</msg>
<status status="PASS" starttime="20210207 17:33:46.640" endtime="20210207 17:33:46.659"></status>
</kw>
<status status="PASS" starttime="20210207 17:33:46.638" endtime="20210207 17:33:46.659"></status>
</kw>
<status status="PASS" starttime="20210207 17:33:43.542" endtime="20210207 17:33:46.659"></status>
</kw>
<kw name="Edit Shipping Details" library="resource">
<kw name="Click Element" library="SeleniumLibrary">
<doc>Click the element identified by ``locator``.</doc>
<arguments>
<arg>id:shipbutton</arg>
</arguments>
<msg timestamp="20210207 17:33:46.666" level="INFO">Clicking element 'id:shipbutton'.</msg>
<status status="PASS" starttime="20210207 17:33:46.665" endtime="20210207 17:33:46.749"></status>
</kw>
<status status="PASS" starttime="20210207 17:33:46.665" endtime="20210207 17:33:46.749"></status>
</kw>
<kw name="Input Full Name in Shipping Details" library="resource">
<arguments>
<arg>${INVALID FULL NAME}</arg>
</arguments>
<kw name="Input Text" library="SeleniumLibrary">
<doc>Types the given ``text`` into the text field identified by ``locator``.</doc>
<arguments>
<arg>id:fullname</arg>
<arg>${fullname}</arg>
</arguments>
<msg timestamp="20210207 17:33:46.751" level="INFO">Typing text '1110 0100 1111' into text field 'id:fullname'.</msg>
<status status="PASS" starttime="20210207 17:33:46.751" endtime="20210207 17:33:46.904"></status>
</kw>
<status status="PASS" starttime="20210207 17:33:46.750" endtime="20210207 17:33:46.905"></status>
</kw>
<kw name="Submit New Shipping Details" library="resource">
<kw name="Click Button" library="SeleniumLibrary">
<doc>Clicks the button identified by ``locator``.</doc>
<arguments>
<arg>id:shipsubmit</arg>
</arguments>
<msg timestamp="20210207 17:33:46.990" level="INFO">Clicking button 'id:shipsubmit'.</msg>
<status status="PASS" starttime="20210207 17:33:46.989" endtime="20210207 17:33:50.948"></status>
</kw>
<status status="PASS" starttime="20210207 17:33:46.986" endtime="20210207 17:33:50.948"></status>
</kw>
<kw name="Edit Shipping Details Should Have Failed (Invalid Full Name)" library="resource">
<kw name="Element Text Should Be" library="SeleniumLibrary">
<doc>Verifies that element ``locator`` contains exact the text ``expected``.</doc>
<arguments>
<arg>id=error-msg</arg>
<arg>Error: Name should only contain letters, periods and spaces.</arg>
</arguments>
<msg timestamp="20210207 17:33:50.951" level="INFO">Verifying element 'id=error-msg' contains exact text 'Error: Name should only contain letters, periods and spaces.'.</msg>
<status status="PASS" starttime="20210207 17:33:50.950" endtime="20210207 17:33:50.983"></status>
</kw>
<status status="PASS" starttime="20210207 17:33:50.950" endtime="20210207 17:33:50.983"></status>
</kw>
<status status="PASS" starttime="20210207 17:33:43.541" endtime="20210207 17:33:50.984" critical="yes"></status>
</test>
<test id="s1-t7" name="Edit Shipping Details Should Fail (Null Full Name)">
<kw name="Go To Profile" library="resource" type="setup">
<kw name="Click Profile Icon" library="resource">
<kw name="Click Element" library="SeleniumLibrary">
<doc>Click the element identified by ``locator``.</doc>
<arguments>
<arg>id:proficon</arg>
</arguments>
<msg timestamp="20210207 17:33:50.993" level="INFO">Clicking element 'id:proficon'.</msg>
<status status="PASS" starttime="20210207 17:33:50.993" endtime="20210207 17:33:54.163"></status>
</kw>
<status status="PASS" starttime="20210207 17:33:50.993" endtime="20210207 17:33:54.164"></status>
</kw>
<kw name="Location Should Be" library="SeleniumLibrary">
<doc>Verifies that the current URL is exactly ``url``.</doc>
<arguments>
<arg>${LOGIN URL}</arg>
</arguments>
<msg timestamp="20210207 17:33:54.181" level="INFO">Current location is 'https://salawalco.herokuapp.com/profile'.</msg>
<status status="PASS" starttime="20210207 17:33:54.164" endtime="20210207 17:33:54.181"></status>
</kw>
<kw name="User Profile Should Be Accessible" library="resource">
<kw name="Page Should Contain Element" library="SeleniumLibrary">
<doc>Verifies that element ``locator`` is found on the current page.</doc>
<arguments>
<arg>class:profile-edit</arg>
</arguments>
<msg timestamp="20210207 17:33:54.202" level="INFO">Current page contains element 'class:profile-edit'.</msg>
<status status="PASS" starttime="20210207 17:33:54.184" endtime="20210207 17:33:54.202"></status>
</kw>
<status status="PASS" starttime="20210207 17:33:54.182" endtime="20210207 17:33:54.203"></status>
</kw>
<status status="PASS" starttime="20210207 17:33:50.993" endtime="20210207 17:33:54.203"></status>
</kw>
<kw name="Edit Shipping Details" library="resource">
<kw name="Click Element" library="SeleniumLibrary">
<doc>Click the element identified by ``locator``.</doc>
<arguments>
<arg>id:shipbutton</arg>
</arguments>
<msg timestamp="20210207 17:33:54.207" level="INFO">Clicking element 'id:shipbutton'.</msg>
<status status="PASS" starttime="20210207 17:33:54.206" endtime="20210207 17:33:54.315"></status>
</kw>
<status status="PASS" starttime="20210207 17:33:54.205" endtime="20210207 17:33:54.316"></status>
</kw>
<kw name="Input Full Name in Shipping Details" library="resource">
<arguments>
<arg>${NULL FULL NAME}</arg>
</arguments>
<kw name="Input Text" library="SeleniumLibrary">
<doc>Types the given ``text`` into the text field identified by ``locator``.</doc>
<arguments>
<arg>id:fullname</arg>
<arg>${fullname}</arg>
</arguments>
<msg timestamp="20210207 17:33:54.318" level="INFO">Typing text '' into text field 'id:fullname'.</msg>
<status status="PASS" starttime="20210207 17:33:54.317" endtime="20210207 17:33:54.428"></status>
</kw>
<status status="PASS" starttime="20210207 17:33:54.316" endtime="20210207 17:33:54.429"></status>
</kw>
<kw name="Submit New Shipping Details" library="resource">
<kw name="Click Button" library="SeleniumLibrary">
<doc>Clicks the button identified by ``locator``.</doc>
<arguments>
<arg>id:shipsubmit</arg>
</arguments>
<msg timestamp="20210207 17:33:54.431" level="INFO">Clicking button 'id:shipsubmit'.</msg>
<status status="PASS" starttime="20210207 17:33:54.430" endtime="20210207 17:33:58.919"></status>
</kw>
<status status="PASS" starttime="20210207 17:33:54.430" endtime="20210207 17:33:58.919"></status>
</kw>
<kw name="Edit Shipping Details Should Have Failed (Null Full Name)" library="resource">
<kw name="Element Text Should Be" library="SeleniumLibrary">
<doc>Verifies that element ``locator`` contains exact the text ``expected``.</doc>
<arguments>
<arg>id=error-msg</arg>
<arg>Error: Full Name is required. Name should only contain letters, periods and spaces.</arg>
</arguments>
<msg timestamp="20210207 17:33:58.921" level="INFO">Verifying element 'id=error-msg' contains exact text 'Error: Full Name is required. Name should only contain letters, periods and spaces.'.</msg>
<status status="PASS" starttime="20210207 17:33:58.921" endtime="20210207 17:33:58.956"></status>
</kw>
<status status="PASS" starttime="20210207 17:33:58.920" endtime="20210207 17:33:58.956"></status>
</kw>
<status status="PASS" starttime="20210207 17:33:50.991" endtime="20210207 17:33:58.957" critical="yes"></status>
</test>
<test id="s1-t8" name="Edit Shipping Details Should Fail (Invalid Contact Number)">
<kw name="Go To Profile" library="resource" type="setup">
<kw name="Click Profile Icon" library="resource">
<kw name="Click Element" library="SeleniumLibrary">
<doc>Click the element identified by ``locator``.</doc>
<arguments>
<arg>id:proficon</arg>
</arguments>
<msg timestamp="20210207 17:33:58.962" level="INFO">Clicking element 'id:proficon'.</msg>
<status status="PASS" starttime="20210207 17:33:58.962" endtime="20210207 17:34:02.084"></status>
</kw>
<status status="PASS" starttime="20210207 17:33:58.961" endtime="20210207 17:34:02.085"></status>
</kw>
<kw name="Location Should Be" library="SeleniumLibrary">
<doc>Verifies that the current URL is exactly ``url``.</doc>
<arguments>
<arg>${LOGIN URL}</arg>
</arguments>
<msg timestamp="20210207 17:34:02.100" level="INFO">Current location is 'https://salawalco.herokuapp.com/profile'.</msg>
<status status="PASS" starttime="20210207 17:34:02.086" endtime="20210207 17:34:02.100"></status>
</kw>
<kw name="User Profile Should Be Accessible" library="resource">
<kw name="Page Should Contain Element" library="SeleniumLibrary">
<doc>Verifies that element ``locator`` is found on the current page.</doc>
<arguments>
<arg>class:profile-edit</arg>
</arguments>
<msg timestamp="20210207 17:34:02.115" level="INFO">Current page contains element 'class:profile-edit'.</msg>
<status status="PASS" starttime="20210207 17:34:02.101" endtime="20210207 17:34:02.116"></status>
</kw>
<status status="PASS" starttime="20210207 17:34:02.100" endtime="20210207 17:34:02.116"></status>
</kw>
<status status="PASS" starttime="20210207 17:33:58.961" endtime="20210207 17:34:02.116"></status>
</kw>
<kw name="Edit Shipping Details" library="resource">
<kw name="Click Element" library="SeleniumLibrary">
<doc>Click the element identified by ``locator``.</doc>
<arguments>
<arg>id:shipbutton</arg>
</arguments>
<msg timestamp="20210207 17:34:02.118" level="INFO">Clicking element 'id:shipbutton'.</msg>
<status status="PASS" starttime="20210207 17:34:02.118" endtime="20210207 17:34:02.186"></status>
</kw>
<status status="PASS" starttime="20210207 17:34:02.117" endtime="20210207 17:34:02.186"></status>
</kw>
<kw name="Input Contact Number in Shipping Details" library="resource">
<arguments>
<arg>${INVALID CONTACT NUM}</arg>
</arguments>
<kw name="Input Text" library="SeleniumLibrary">
<doc>Types the given ``text`` into the text field identified by ``locator``.</doc>
<arguments>
<arg>id:contno</arg>
<arg>${contactnum}</arg>
</arguments>
<msg timestamp="20210207 17:34:02.193" level="INFO">Typing text '123131' into text field 'id:contno'.</msg>
<status status="PASS" starttime="20210207 17:34:02.192" endtime="20210207 17:34:02.319"></status>
</kw>
<status status="PASS" starttime="20210207 17:34:02.188" endtime="20210207 17:34:02.319"></status>
</kw>
<kw name="Submit New Shipping Details" library="resource">
<kw name="Click Button" library="SeleniumLibrary">
<doc>Clicks the button identified by ``locator``.</doc>
<arguments>
<arg>id:shipsubmit</arg>
</arguments>
<msg timestamp="20210207 17:34:02.320" level="INFO">Clicking button 'id:shipsubmit'.</msg>
<status status="PASS" starttime="20210207 17:34:02.320" endtime="20210207 17:34:06.818"></status>
</kw>
<status status="PASS" starttime="20210207 17:34:02.320" endtime="20210207 17:34:06.818"></status>
</kw>
<kw name="Edit Shipping Details Should Have Failed (Invalid Contact Number)" library="resource">
<kw name="Element Text Should Be" library="SeleniumLibrary">
<doc>Verifies that element ``locator`` contains exact the text ``expected``.</doc>
<arguments>
<arg>id=error-msg</arg>
<arg>Error: Contact number should be 11 digits in length.</arg>
</arguments>
<msg timestamp="20210207 17:34:06.819" level="INFO">Verifying element 'id=error-msg' contains exact text 'Error: Contact number should be 11 digits in length.'.</msg>
<status status="PASS" starttime="20210207 17:34:06.819" endtime="20210207 17:34:06.853"></status>
</kw>
<status status="PASS" starttime="20210207 17:34:06.818" endtime="20210207 17:34:06.853"></status>
</kw>
<status status="PASS" starttime="20210207 17:33:58.960" endtime="20210207 17:34:06.854" critical="yes"></status>
</test>
<test id="s1-t9" name="Edit Shipping Details Should Fail (Null Contact Number)">
<kw name="Go To Profile" library="resource" type="setup">
<kw name="Click Profile Icon" library="resource">
<kw name="Click Element" library="SeleniumLibrary">
<doc>Click the element identified by ``locator``.</doc>
<arguments>
<arg>id:proficon</arg>
</arguments>
<msg timestamp="20210207 17:34:06.860" level="INFO">Clicking element 'id:proficon'.</msg>
<status status="PASS" starttime="20210207 17:34:06.860" endtime="20210207 17:34:10.587"></status>
</kw>
<status status="PASS" starttime="20210207 17:34:06.860" endtime="20210207 17:34:10.587"></status>
</kw>
<kw name="Location Should Be" library="SeleniumLibrary">
<doc>Verifies that the current URL is exactly ``url``.</doc>
<arguments>
<arg>${LOGIN URL}</arg>
</arguments>
<msg timestamp="20210207 17:34:10.594" level="INFO">Current location is 'https://salawalco.herokuapp.com/profile'.</msg>
<status status="PASS" starttime="20210207 17:34:10.587" endtime="20210207 17:34:10.594"></status>
</kw>
<kw name="User Profile Should Be Accessible" library="resource">
<kw name="Page Should Contain Element" library="SeleniumLibrary">
<doc>Verifies that element ``locator`` is found on the current page.</doc>
<arguments>
<arg>class:profile-edit</arg>
</arguments>
<msg timestamp="20210207 17:34:10.607" level="INFO">Current page contains element 'class:profile-edit'.</msg>
<status status="PASS" starttime="20210207 17:34:10.595" endtime="20210207 17:34:10.607"></status>
</kw>
<status status="PASS" starttime="20210207 17:34:10.594" endtime="20210207 17:34:10.607"></status>
</kw>
<status status="PASS" starttime="20210207 17:34:06.859" endtime="20210207 17:34:10.607"></status>
</kw>
<kw name="Edit Shipping Details" library="resource">
<kw name="Click Element" library="SeleniumLibrary">
<doc>Click the element identified by ``locator``.</doc>
<arguments>
<arg>id:shipbutton</arg>
</arguments>
<msg timestamp="20210207 17:34:10.609" level="INFO">Clicking element 'id:shipbutton'.</msg>
<status status="PASS" starttime="20210207 17:34:10.609" endtime="20210207 17:34:10.663"></status>
</kw>
<status status="PASS" starttime="20210207 17:34:10.608" endtime="20210207 17:34:10.663"></status>
</kw>
<kw name="Input Contact Number in Shipping Details" library="resource">
<arguments>
<arg>${NULL CONTACT NUM}</arg>
</arguments>
<kw name="Input Text" library="SeleniumLibrary">
<doc>Types the given ``text`` into the text field identified by ``locator``.</doc>
<arguments>
<arg>id:contno</arg>
<arg>${contactnum}</arg>
</arguments>
<msg timestamp="20210207 17:34:10.670" level="INFO">Typing text '' into text field 'id:contno'.</msg>
<status status="PASS" starttime="20210207 17:34:10.666" endtime="20210207 17:34:10.760"></status>
</kw>
<status status="PASS" starttime="20210207 17:34:10.665" endtime="20210207 17:34:10.760"></status>
</kw>
<kw name="Submit New Shipping Details" library="resource">
<kw name="Click Button" library="SeleniumLibrary">
<doc>Clicks the button identified by ``locator``.</doc>
<arguments>
<arg>id:shipsubmit</arg>
</arguments>
<msg timestamp="20210207 17:34:10.762" level="INFO">Clicking button 'id:shipsubmit'.</msg>
<status status="PASS" starttime="20210207 17:34:10.761" endtime="20210207 17:34:14.640"></status>
</kw>
<status status="PASS" starttime="20210207 17:34:10.761" endtime="20210207 17:34:14.640"></status>
</kw>
<kw name="Edit Shipping Details Should Have Failed (Null Contact Number)" library="resource">
<kw name="Element Text Should Be" library="SeleniumLibrary">
<doc>Verifies that element ``locator`` contains exact the text ``expected``.</doc>
<arguments>
<arg>id=error-msg</arg>
<arg>Error: Contact number should be 11 digits in length. Contact number should only be composed of numbers.</arg>
</arguments>
<msg timestamp="20210207 17:34:14.641" level="INFO">Verifying element 'id=error-msg' contains exact text 'Error: Contact number should be 11 digits in length. Contact number should only be composed of numbers.'.</msg>
<status status="PASS" starttime="20210207 17:34:14.641" endtime="20210207 17:34:14.672"></status>
</kw>
<status status="PASS" starttime="20210207 17:34:14.641" endtime="20210207 17:34:14.672"></status>
</kw>
<status status="PASS" starttime="20210207 17:34:06.859" endtime="20210207 17:34:14.673" critical="yes"></status>
</test>
<test id="s1-t10" name="Edit Shipping Details Should Fail (Invalid House Number)">
<kw name="Go To Profile" library="resource" type="setup">
<kw name="Click Profile Icon" library="resource">
<kw name="Click Element" library="SeleniumLibrary">
<doc>Click the element identified by ``locator``.</doc>
<arguments>
<arg>id:proficon</arg>
</arguments>
<msg timestamp="20210207 17:34:14.677" level="INFO">Clicking element 'id:proficon'.</msg>
<status status="PASS" starttime="20210207 17:34:14.677" endtime="20210207 17:34:18.268"></status>
</kw>
<status status="PASS" starttime="20210207 17:34:14.676" endtime="20210207 17:34:18.268"></status>
</kw>
<kw name="Location Should Be" library="SeleniumLibrary">
<doc>Verifies that the current URL is exactly ``url``.</doc>
<arguments>
<arg>${LOGIN URL}</arg>
</arguments>
<msg timestamp="20210207 17:34:18.274" level="INFO">Current location is 'https://salawalco.herokuapp.com/profile'.</msg>
<status status="PASS" starttime="20210207 17:34:18.268" endtime="20210207 17:34:18.274"></status>
</kw>
<kw name="User Profile Should Be Accessible" library="resource">
<kw name="Page Should Contain Element" library="SeleniumLibrary">
<doc>Verifies that element ``locator`` is found on the current page.</doc>
<arguments>
<arg>class:profile-edit</arg>
</arguments>
<msg timestamp="20210207 17:34:18.285" level="INFO">Current page contains element 'class:profile-edit'.</msg>
<status status="PASS" starttime="20210207 17:34:18.275" endtime="20210207 17:34:18.285"></status>
</kw>
<status status="PASS" starttime="20210207 17:34:18.274" endtime="20210207 17:34:18.285"></status>
</kw>
<status status="PASS" starttime="20210207 17:34:14.676" endtime="20210207 17:34:18.285"></status>
</kw>
<kw name="Edit Shipping Details" library="resource">
<kw name="Click Element" library="SeleniumLibrary">
<doc>Click the element identified by ``locator``.</doc>
<arguments>
<arg>id:shipbutton</arg>
</arguments>
<msg timestamp="20210207 17:34:18.287" level="INFO">Clicking element 'id:shipbutton'.</msg>
<status status="PASS" starttime="20210207 17:34:18.286" endtime="20210207 17:34:18.346"></status>
</kw>
<status status="PASS" starttime="20210207 17:34:18.286" endtime="20210207 17:34:18.346"></status>
</kw>
<kw name="Input House Number in Shipping Details" library="resource">
<arguments>
<arg>${INVALID HOUSE NUM}</arg>
</arguments>
<kw name="Input Text" library="SeleniumLibrary">
<doc>Types the given ``text`` into the text field identified by ``locator``.</doc>
<arguments>
<arg>id:houseno</arg>
<arg>${housenum}</arg>
</arguments>
<msg timestamp="20210207 17:34:18.348" level="INFO">Typing text '%$@#$%@$' into text field 'id:houseno'.</msg>
<status status="PASS" starttime="20210207 17:34:18.348" endtime="20210207 17:34:18.467"></status>
</kw>
<status status="PASS" starttime="20210207 17:34:18.347" endtime="20210207 17:34:18.467"></status>
</kw>
<kw name="Submit New Shipping Details" library="resource">
<kw name="Click Button" library="SeleniumLibrary">
<doc>Clicks the button identified by ``locator``.</doc>
<arguments>
<arg>id:shipsubmit</arg>
</arguments>
<msg timestamp="20210207 17:34:18.469" level="INFO">Clicking button 'id:shipsubmit'.</msg>
<status status="PASS" starttime="20210207 17:34:18.469" endtime="20210207 17:34:22.310"></status>
</kw>
<status status="PASS" starttime="20210207 17:34:18.468" endtime="20210207 17:34:22.310"></status>
</kw>
<kw name="Edit Shipping Details Should Have Failed (Invalid House Number)" library="resource">
<kw name="Element Text Should Be" library="SeleniumLibrary">
<doc>Verifies that element ``locator`` contains exact the text ``expected``.</doc>
<arguments>
<arg>id=error-msg</arg>
<arg>Error: House number should only contain letters, numbers, periods, dashes, apostrophes and spaces.</arg>
</arguments>
<msg timestamp="20210207 17:34:22.311" level="INFO">Verifying element 'id=error-msg' contains exact text 'Error: House number should only contain letters, numbers, periods, dashes, apostrophes and spaces.'.</msg>
<status status="PASS" starttime="20210207 17:34:22.311" endtime="20210207 17:34:22.345"></status>
</kw>
<status status="PASS" starttime="20210207 17:34:22.311" endtime="20210207 17:34:22.345"></status>
</kw>
<status status="PASS" starttime="20210207 17:34:14.675" endtime="20210207 17:34:22.346" critical="yes"></status>
</test>
<test id="s1-t11" name="Edit Shipping Details Should Fail (Null House Number)">
<kw name="Go To Profile" library="resource" type="setup">
<kw name="Click Profile Icon" library="resource">
<kw name="Click Element" library="SeleniumLibrary">
<doc>Click the element identified by ``locator``.</doc>
<arguments>
<arg>id:proficon</arg>
</arguments>
<msg timestamp="20210207 17:34:22.354" level="INFO">Clicking element 'id:proficon'.</msg>
<status status="PASS" starttime="20210207 17:34:22.353" endtime="20210207 17:34:25.449"></status>
</kw>
<status status="PASS" starttime="20210207 17:34:22.353" endtime="20210207 17:34:25.450"></status>
</kw>
<kw name="Location Should Be" library="SeleniumLibrary">
<doc>Verifies that the current URL is exactly ``url``.</doc>
<arguments>
<arg>${LOGIN URL}</arg>
</arguments>
<msg timestamp="20210207 17:34:25.459" level="INFO">Current location is 'https://salawalco.herokuapp.com/profile'.</msg>
<status status="PASS" starttime="20210207 17:34:25.450" endtime="20210207 17:34:25.459"></status>
</kw>
<kw name="User Profile Should Be Accessible" library="resource">
<kw name="Page Should Contain Element" library="SeleniumLibrary">
<doc>Verifies that element ``locator`` is found on the current page.</doc>
<arguments>
<arg>class:profile-edit</arg>
</arguments>
<msg timestamp="20210207 17:34:25.469" level="INFO">Current page contains element 'class:profile-edit'.</msg>
<status status="PASS" starttime="20210207 17:34:25.460" endtime="20210207 17:34:25.469"></status>
</kw>
<status status="PASS" starttime="20210207 17:34:25.460" endtime="20210207 17:34:25.470"></status>
</kw>
<status status="PASS" starttime="20210207 17:34:22.353" endtime="20210207 17:34:25.470"></status>
</kw>
<kw name="Edit Shipping Details" library="resource">
<kw name="Click Element" library="SeleniumLibrary">
<doc>Click the element identified by ``locator``.</doc>
<arguments>
<arg>id:shipbutton</arg>
</arguments>
<msg timestamp="20210207 17:34:25.473" level="INFO">Clicking element 'id:shipbutton'.</msg>
<status status="PASS" starttime="20210207 17:34:25.473" endtime="20210207 17:34:25.523"></status>
</kw>
<status status="PASS" starttime="20210207 17:34:25.472" endtime="20210207 17:34:25.524"></status>
</kw>
<kw name="Input House Number in Shipping Details" library="resource">
<arguments>
<arg>${NULL HOUSE NUM}</arg>
</arguments>
<kw name="Input Text" library="SeleniumLibrary">
<doc>Types the given ``text`` into the text field identified by ``locator``.</doc>
<arguments>
<arg>id:houseno</arg>
<arg>${housenum}</arg>
</arguments>
<msg timestamp="20210207 17:34:25.526" level="INFO">Typing text '' into text field 'id:houseno'.</msg>
<status status="PASS" starttime="20210207 17:34:25.526" endtime="20210207 17:34:25.616"></status>
</kw>
<status status="PASS" starttime="20210207 17:34:25.525" endtime="20210207 17:34:25.616"></status>
</kw>
<kw name="Submit New Shipping Details" library="resource">
<kw name="Click Button" library="SeleniumLibrary">
<doc>Clicks the button identified by ``locator``.</doc>
<arguments>
<arg>id:shipsubmit</arg>
</arguments>
<msg timestamp="20210207 17:34:25.618" level="INFO">Clicking button 'id:shipsubmit'.</msg>
<status status="PASS" starttime="20210207 17:34:25.618" endtime="20210207 17:34:29.549"></status>
</kw>
<status status="PASS" starttime="20210207 17:34:25.617" endtime="20210207 17:34:29.551"></status>
</kw>
<kw name="Edit Shipping Details Should Have Failed (Null House Number)" library="resource">
<kw name="Element Text Should Be" library="SeleniumLibrary">
<doc>Verifies that element ``locator`` contains exact the text ``expected``.</doc>
<arguments>
<arg>id=error-msg</arg>
<arg>Error: House Number is required. House number should only contain letters, numbers, periods, dashes, apostrophes and spaces.</arg>
</arguments>
<msg timestamp="20210207 17:34:29.554" level="INFO">Verifying element 'id=error-msg' contains exact text 'Error: House Number is required. House number should only contain letters, numbers, periods, dashes, apostrophes and spaces.'.</msg>
<status status="PASS" starttime="20210207 17:34:29.553" endtime="20210207 17:34:29.581"></status>
</kw>
<status status="PASS" starttime="20210207 17:34:29.553" endtime="20210207 17:34:29.581"></status>
</kw>
<status status="PASS" starttime="20210207 17:34:22.352" endtime="20210207 17:34:29.582" critical="yes"></status>
</test>
<test id="s1-t12" name="Edit Shipping Details Should Fail (Invalid Barangay)">
<kw name="Go To Profile" library="resource" type="setup">
<kw name="Click Profile Icon" library="resource">
<kw name="Click Element" library="SeleniumLibrary">
<doc>Click the element identified by ``locator``.</doc>
<arguments>
<arg>id:proficon</arg>
</arguments>
<msg timestamp="20210207 17:34:29.588" level="INFO">Clicking element 'id:proficon'.</msg>
<status status="PASS" starttime="20210207 17:34:29.588" endtime="20210207 17:34:32.675"></status>
</kw>
<status status="PASS" starttime="20210207 17:34:29.588" endtime="20210207 17:34:32.675"></status>
</kw>
<kw name="Location Should Be" library="SeleniumLibrary">
<doc>Verifies that the current URL is exactly ``url``.</doc>
<arguments>
<arg>${LOGIN URL}</arg>
</arguments>
<msg timestamp="20210207 17:34:32.687" level="INFO">Current location is 'https://salawalco.herokuapp.com/profile'.</msg>
<status status="PASS" starttime="20210207 17:34:32.675" endtime="20210207 17:34:32.687"></status>
</kw>
<kw name="User Profile Should Be Accessible" library="resource">
<kw name="Page Should Contain Element" library="SeleniumLibrary">
<doc>Verifies that element ``locator`` is found on the current page.</doc>
<arguments>
<arg>class:profile-edit</arg>
</arguments>
<msg timestamp="20210207 17:34:32.699" level="INFO">Current page contains element 'class:profile-edit'.</msg>
<status status="PASS" starttime="20210207 17:34:32.688" endtime="20210207 17:34:32.699"></status>
</kw>
<status status="PASS" starttime="20210207 17:34:32.687" endtime="20210207 17:34:32.699"></status>
</kw>
<status status="PASS" starttime="20210207 17:34:29.588" endtime="20210207 17:34:32.700"></status>
</kw>
<kw name="Edit Shipping Details" library="resource">
<kw name="Click Element" library="SeleniumLibrary">
<doc>Click the element identified by ``locator``.</doc>
<arguments>
<arg>id:shipbutton</arg>
</arguments>
<msg timestamp="20210207 17:34:32.702" level="INFO">Clicking element 'id:shipbutton'.</msg>
<status status="PASS" starttime="20210207 17:34:32.702" endtime="20210207 17:34:32.755"></status>
</kw>
<status status="PASS" starttime="20210207 17:34:32.701" endtime="20210207 17:34:32.755"></status>
</kw>
<kw name="Input Barangay in Shipping Details" library="resource">
<arguments>
<arg>${INVALID BARANGAY}</arg>
</arguments>
<kw name="Input Text" library="SeleniumLibrary">
<doc>Types the given ``text`` into the text field identified by ``locator``.</doc>
<arguments>
<arg>id:brngy</arg>
<arg>${barangay}</arg>
</arguments>
<msg timestamp="20210207 17:34:32.758" level="INFO">Typing text '%$@#$' into text field 'id:brngy'.</msg>
<status status="PASS" starttime="20210207 17:34:32.757" endtime="20210207 17:34:32.864"></status>
</kw>
<status status="PASS" starttime="20210207 17:34:32.756" endtime="20210207 17:34:32.865"></status>
</kw>
<kw name="Submit New Shipping Details" library="resource">
<kw name="Click Button" library="SeleniumLibrary">
<doc>Clicks the button identified by ``locator``.</doc>
<arguments>
<arg>id:shipsubmit</arg>
</arguments>
<msg timestamp="20210207 17:34:32.868" level="INFO">Clicking button 'id:shipsubmit'.</msg>
<status status="PASS" starttime="20210207 17:34:32.868" endtime="20210207 17:34:36.729"></status>
</kw>
<status status="PASS" starttime="20210207 17:34:32.866" endtime="20210207 17:34:36.729"></status>
</kw>
<kw name="Edit Shipping Details Should Have Failed (Invalid Barangay)" library="resource">
<kw name="Element Text Should Be" library="SeleniumLibrary">
<doc>Verifies that element ``locator`` contains exact the text ``expected``.</doc>
<arguments>
<arg>id=error-msg</arg>
<arg>Error: Barangay should only contain letters, numbers and spaces.</arg>
</arguments>
<msg timestamp="20210207 17:34:36.731" level="INFO">Verifying element 'id=error-msg' contains exact text 'Error: Barangay should only contain letters, numbers and spaces.'.</msg>
<status status="PASS" starttime="20210207 17:34:36.731" endtime="20210207 17:34:36.770"></status>
</kw>
<status status="PASS" starttime="20210207 17:34:36.730" endtime="20210207 17:34:36.770"></status>
</kw>
<status status="PASS" starttime="20210207 17:34:29.587" endtime="20210207 17:34:36.771" critical="yes"></status>
</test>
<test id="s1-t13" name="Edit Shipping Details Should Fail (Null Barangay)">
<kw name="Go To Profile" library="resource" type="setup">
<kw name="Click Profile Icon" library="resource">
<kw name="Click Element" library="SeleniumLibrary">
<doc>Click the element identified by ``locator``.</doc>
<arguments>
<arg>id:proficon</arg>
</arguments>
<msg timestamp="20210207 17:34:36.778" level="INFO">Clicking element 'id:proficon'.</msg>
<status status="PASS" starttime="20210207 17:34:36.776" endtime="20210207 17:34:39.856"></status>
</kw>
<status status="PASS" starttime="20210207 17:34:36.775" endtime="20210207 17:34:39.857"></status>
</kw>
<kw name="Location Should Be" library="SeleniumLibrary">
<doc>Verifies that the current URL is exactly ``url``.</doc>
<arguments>
<arg>${LOGIN URL}</arg>
</arguments>
<msg timestamp="20210207 17:34:39.868" level="INFO">Current location is 'https://salawalco.herokuapp.com/profile'.</msg>
<status status="PASS" starttime="20210207 17:34:39.858" endtime="20210207 17:34:39.868"></status>
</kw>
<kw name="User Profile Should Be Accessible" library="resource">
<kw name="Page Should Contain Element" library="SeleniumLibrary">
<doc>Verifies that element ``locator`` is found on the current page.</doc>
<arguments>
<arg>class:profile-edit</arg>
</arguments>
<msg timestamp="20210207 17:34:39.883" level="INFO">Current page contains element 'class:profile-edit'.</msg>
<status status="PASS" starttime="20210207 17:34:39.869" endtime="20210207 17:34:39.883"></status>
</kw>
<status status="PASS" starttime="20210207 17:34:39.868" endtime="20210207 17:34:39.883"></status>
</kw>
<status status="PASS" starttime="20210207 17:34:36.775" endtime="20210207 17:34:39.883"></status>
</kw>
<kw name="Edit Shipping Details" library="resource">
<kw name="Click Element" library="SeleniumLibrary">
<doc>Click the element identified by ``locator``.</doc>
<arguments>
<arg>id:shipbutton</arg>
</arguments>
<msg timestamp="20210207 17:34:39.885" level="INFO">Clicking element 'id:shipbutton'.</msg>
<status status="PASS" starttime="20210207 17:34:39.885" endtime="20210207 17:34:39.937"></status>
</kw>
<status status="PASS" starttime="20210207 17:34:39.884" endtime="20210207 17:34:39.937"></status>
</kw>
<kw name="Input Barangay in Shipping Details" library="resource">
<arguments>
<arg>${NULL BARANGAY}</arg>
</arguments>
<kw name="Input Text" library="SeleniumLibrary">
<doc>Types the given ``text`` into the text field identified by ``locator``.</doc>
<arguments>
<arg>id:brngy</arg>
<arg>${barangay}</arg>
</arguments>
<msg timestamp="20210207 17:34:39.940" level="INFO">Typing text '' into text field 'id:brngy'.</msg>
<status status="PASS" starttime="20210207 17:34:39.939" endtime="20210207 17:34:40.034"></status>
</kw>
<status status="PASS" starttime="20210207 17:34:39.938" endtime="20210207 17:34:40.034"></status>
</kw>
<kw name="Submit New Shipping Details" library="resource">
<kw name="Click Button" library="SeleniumLibrary">
<doc>Clicks the button identified by ``locator``.</doc>
<arguments>
<arg>id:shipsubmit</arg>
</arguments>
<msg timestamp="20210207 17:34:40.036" level="INFO">Clicking button 'id:shipsubmit'.</msg>
<status status="PASS" starttime="20210207 17:34:40.035" endtime="20210207 17:34:44.211"></status>
</kw>
<status status="PASS" starttime="20210207 17:34:40.035" endtime="20210207 17:34:44.211"></status>
</kw>
<kw name="Edit Shipping Details Should Have Failed (Null Barangay)" library="resource">
<kw name="Element Text Should Be" library="SeleniumLibrary">
<doc>Verifies that element ``locator`` contains exact the text ``expected``.</doc>
<arguments>
<arg>id=error-msg</arg>
<arg>Error: Barangay is required. Barangay should only contain letters, numbers and spaces.</arg>
</arguments>
<msg timestamp="20210207 17:34:44.213" level="INFO">Verifying element 'id=error-msg' contains exact text 'Error: Barangay is required. Barangay should only contain letters, numbers and spaces.'.</msg>
<status status="PASS" starttime="20210207 17:34:44.212" endtime="20210207 17:34:44.239"></status>
</kw>
<status status="PASS" starttime="20210207 17:34:44.212" endtime="20210207 17:34:44.239"></status>
</kw>
<status status="PASS" starttime="20210207 17:34:36.774" endtime="20210207 17:34:44.239" critical="yes"></status>
</test>
<test id="s1-t14" name="Edit Shipping Details Should Fail (Invalid City)">
<kw name="Go To Profile" library="resource" type="setup">
<kw name="Click Profile Icon" library="resource">
<kw name="Click Element" library="SeleniumLibrary">
<doc>Click the element identified by ``locator``.</doc>
<arguments>
<arg>id:proficon</arg>
</arguments>
<msg timestamp="20210207 17:34:44.246" level="INFO">Clicking element 'id:proficon'.</msg>
<status status="PASS" starttime="20210207 17:34:44.245" endtime="20210207 17:34:48.586"></status>
</kw>
<status status="PASS" starttime="20210207 17:34:44.245" endtime="20210207 17:34:48.587"></status>
</kw>
<kw name="Location Should Be" library="SeleniumLibrary">
<doc>Verifies that the current URL is exactly ``url``.</doc>
<arguments>
<arg>${LOGIN URL}</arg>
</arguments>
<msg timestamp="20210207 17:34:48.594" level="INFO">Current location is 'https://salawalco.herokuapp.com/profile'.</msg>
<status status="PASS" starttime="20210207 17:34:48.587" endtime="20210207 17:34:48.594"></status>
</kw>
<kw name="User Profile Should Be Accessible" library="resource">
<kw name="Page Should Contain Element" library="SeleniumLibrary">
<doc>Verifies that element ``locator`` is found on the current page.</doc>
<arguments>
<arg>class:profile-edit</arg>
</arguments>
<msg timestamp="20210207 17:34:48.605" level="INFO">Current page contains element 'class:profile-edit'.</msg>
<status status="PASS" starttime="20210207 17:34:48.594" endtime="20210207 17:34:48.605"></status>
</kw>
<status status="PASS" starttime="20210207 17:34:48.594" endtime="20210207 17:34:48.605"></status>
</kw>
<status status="PASS" starttime="20210207 17:34:44.245" endtime="20210207 17:34:48.605"></status>
</kw>
<kw name="Edit Shipping Details" library="resource">
<kw name="Click Element" library="SeleniumLibrary">
<doc>Click the element identified by ``locator``.</doc>
<arguments>
<arg>id:shipbutton</arg>
</arguments>
<msg timestamp="20210207 17:34:48.607" level="INFO">Clicking element 'id:shipbutton'.</msg>
<status status="PASS" starttime="20210207 17:34:48.606" endtime="20210207 17:34:48.669"></status>
</kw>
<status status="PASS" starttime="20210207 17:34:48.606" endtime="20210207 17:34:48.669"></status>
</kw>
<kw name="Input City in Shipping Details" library="resource">
<arguments>
<arg>${INVALID CITY}</arg>
</arguments>
<kw name="Input Text" library="SeleniumLibrary">
<doc>Types the given ``text`` into the text field identified by ``locator``.</doc>
<arguments>
<arg>id:city</arg>
<arg>${city}</arg>
</arguments>
<msg timestamp="20210207 17:34:48.671" level="INFO">Typing text '!#!$$@#' into text field 'id:city'.</msg>
<status status="PASS" starttime="20210207 17:34:48.671" endtime="20210207 17:34:48.806"></status>
</kw>
<status status="PASS" starttime="20210207 17:34:48.670" endtime="20210207 17:34:48.806"></status>
</kw>
<kw name="Submit New Shipping Details" library="resource">
<kw name="Click Button" library="SeleniumLibrary">
<doc>Clicks the button identified by ``locator``.</doc>
<arguments>
<arg>id:shipsubmit</arg>
</arguments>
<msg timestamp="20210207 17:34:48.807" level="INFO">Clicking button 'id:shipsubmit'.</msg>
<status status="PASS" starttime="20210207 17:34:48.807" endtime="20210207 17:34:53.502"></status>
</kw>
<status status="PASS" starttime="20210207 17:34:48.806" endtime="20210207 17:34:53.502"></status>
</kw>
<kw name="Edit Shipping Details Should Have Failed (Invalid City)" library="resource">
<kw name="Element Text Should Be" library="SeleniumLibrary">
<doc>Verifies that element ``locator`` contains exact the text ``expected``.</doc>
<arguments>
<arg>id=error-msg</arg>
<arg>Error: City should only contain letters, periods, dashes and spaces.</arg>
</arguments>
<msg timestamp="20210207 17:34:53.504" level="INFO">Verifying element 'id=error-msg' contains exact text 'Error: City should only contain letters, periods, dashes and spaces.'.</msg>
<status status="PASS" starttime="20210207 17:34:53.503" endtime="20210207 17:34:53.537"></status>
</kw>
<status status="PASS" starttime="20210207 17:34:53.503" endtime="20210207 17:34:53.537"></status>
</kw>
<status status="PASS" starttime="20210207 17:34:44.243" endtime="20210207 17:34:53.538" critical="yes"></status>
</test>
<test id="s1-t15" name="Edit Shipping Details Should Fail (Null City)">
<kw name="Go To Profile" library="resource" type="setup">
<kw name="Click Profile Icon" library="resource">
<kw name="Click Element" library="SeleniumLibrary">
<doc>Click the element identified by ``locator``.</doc>
<arguments>
<arg>id:proficon</arg>
</arguments>
<msg timestamp="20210207 17:34:53.544" level="INFO">Clicking element 'id:proficon'.</msg>
<status status="PASS" starttime="20210207 17:34:53.543" endtime="20210207 17:34:56.799"></status>
</kw>
<status status="PASS" starttime="20210207 17:34:53.541" endtime="20210207 17:34:56.799"></status>
</kw>
<kw name="Location Should Be" library="SeleniumLibrary">
<doc>Verifies that the current URL is exactly ``url``.</doc>
<arguments>
<arg>${LOGIN URL}</arg>
</arguments>
<msg timestamp="20210207 17:34:56.806" level="INFO">Current location is 'https://salawalco.herokuapp.com/profile'.</msg>
<status status="PASS" starttime="20210207 17:34:56.799" endtime="20210207 17:34:56.806"></status>
</kw>
<kw name="User Profile Should Be Accessible" library="resource">
<kw name="Page Should Contain Element" library="SeleniumLibrary">
<doc>Verifies that element ``locator`` is found on the current page.</doc>
<arguments>
<arg>class:profile-edit</arg>
</arguments>
<msg timestamp="20210207 17:34:56.817" level="INFO">Current page contains element 'class:profile-edit'.</msg>
<status status="PASS" starttime="20210207 17:34:56.808" endtime="20210207 17:34:56.818"></status>
</kw>
<status status="PASS" starttime="20210207 17:34:56.806" endtime="20210207 17:34:56.818"></status>
</kw>
<status status="PASS" starttime="20210207 17:34:53.540" endtime="20210207 17:34:56.818"></status>
</kw>
<kw name="Edit Shipping Details" library="resource">
<kw name="Click Element" library="SeleniumLibrary">
<doc>Click the element identified by ``locator``.</doc>
<arguments>
<arg>id:shipbutton</arg>
</arguments>
<msg timestamp="20210207 17:34:56.819" level="INFO">Clicking element 'id:shipbutton'.</msg>
<status status="PASS" starttime="20210207 17:34:56.819" endtime="20210207 17:34:56.864"></status>
</kw>
<status status="PASS" starttime="20210207 17:34:56.819" endtime="20210207 17:34:56.864"></status>
</kw>
<kw name="Input City in Shipping Details" library="resource">
<arguments>
<arg>${NULL CITY}</arg>
</arguments>
<kw name="Input Text" library="SeleniumLibrary">
<doc>Types the given ``text`` into the text field identified by ``locator``.</doc>
<arguments>
<arg>id:city</arg>
<arg>${city}</arg>
</arguments>
<msg timestamp="20210207 17:34:56.865" level="INFO">Typing text '' into text field 'id:city'.</msg>
<status status="PASS" starttime="20210207 17:34:56.865" endtime="20210207 17:34:56.940"></status>
</kw>
<status status="PASS" starttime="20210207 17:34:56.865" endtime="20210207 17:34:56.940"></status>
</kw>
<kw name="Submit New Shipping Details" library="resource">
<kw name="Click Button" library="SeleniumLibrary">
<doc>Clicks the button identified by ``locator``.</doc>
<arguments>
<arg>id:shipsubmit</arg>
</arguments>
<msg timestamp="20210207 17:34:56.942" level="INFO">Clicking button 'id:shipsubmit'.</msg>
<status status="PASS" starttime="20210207 17:34:56.941" endtime="20210207 17:35:00.764"></status>
</kw>
<status status="PASS" starttime="20210207 17:34:56.941" endtime="20210207 17:35:00.765"></status>
</kw>
<kw name="Edit Shipping Details Should Have Failed (Null City)" library="resource">
<kw name="Element Text Should Be" library="SeleniumLibrary">
<doc>Verifies that element ``locator`` contains exact the text ``expected``.</doc>
<arguments>
<arg>id=error-msg</arg>
<arg>Error: City is required. City should only contain letters, periods, dashes and spaces.</arg>
</arguments>
<msg timestamp="20210207 17:35:00.766" level="INFO">Verifying element 'id=error-msg' contains exact text 'Error: City is required. City should only contain letters, periods, dashes and spaces.'.</msg>
<status status="PASS" starttime="20210207 17:35:00.765" endtime="20210207 17:35:00.799"></status>
</kw>
<status status="PASS" starttime="20210207 17:35:00.765" endtime="20210207 17:35:00.799"></status>
</kw>
<status status="PASS" starttime="20210207 17:34:53.540" endtime="20210207 17:35:00.801" critical="yes"></status>
</test>
<test id="s1-t16" name="Edit Shipping Details Should Fail (Invalid Province)">
<kw name="Go To Profile" library="resource" type="setup">
<kw name="Click Profile Icon" library="resource">
<kw name="Click Element" library="SeleniumLibrary">
<doc>Click the element identified by ``locator``.</doc>
<arguments>
<arg>id:proficon</arg>
</arguments>
<msg timestamp="20210207 17:35:00.810" level="INFO">Clicking element 'id:proficon'.</msg>
<status status="PASS" starttime="20210207 17:35:00.809" endtime="20210207 17:35:03.914"></status>
</kw>
<status status="PASS" starttime="20210207 17:35:00.809" endtime="20210207 17:35:03.914"></status>
</kw>
<kw name="Location Should Be" library="SeleniumLibrary">
<doc>Verifies that the current URL is exactly ``url``.</doc>
<arguments>
<arg>${LOGIN URL}</arg>
</arguments>
<msg timestamp="20210207 17:35:03.923" level="INFO">Current location is 'https://salawalco.herokuapp.com/profile'.</msg>
<status status="PASS" starttime="20210207 17:35:03.914" endtime="20210207 17:35:03.923"></status>
</kw>
<kw name="User Profile Should Be Accessible" library="resource">
<kw name="Page Should Contain Element" library="SeleniumLibrary">
<doc>Verifies that element ``locator`` is found on the current page.</doc>
<arguments>
<arg>class:profile-edit</arg>
</arguments>
<msg timestamp="20210207 17:35:03.939" level="INFO">Current page contains element 'class:profile-edit'.</msg>
<status status="PASS" starttime="20210207 17:35:03.924" endtime="20210207 17:35:03.940"></status>
</kw>
<status status="PASS" starttime="20210207 17:35:03.923" endtime="20210207 17:35:03.940"></status>
</kw>
<status status="PASS" starttime="20210207 17:35:00.809" endtime="20210207 17:35:03.941"></status>
</kw>
<kw name="Edit Shipping Details" library="resource">
<kw name="Click Element" library="SeleniumLibrary">
<doc>Click the element identified by ``locator``.</doc>
<arguments>
<arg>id:shipbutton</arg>
</arguments>
<msg timestamp="20210207 17:35:03.942" level="INFO">Clicking element 'id:shipbutton'.</msg>
<status status="PASS" starttime="20210207 17:35:03.942" endtime="20210207 17:35:04.004"></status>
</kw>
<status status="PASS" starttime="20210207 17:35:03.941" endtime="20210207 17:35:04.005"></status>
</kw>
<kw name="Input Province in Shipping Details" library="resource">
<arguments>
<arg>${INVALID PROVINCE}</arg>
</arguments>
<kw name="Input Text" library="SeleniumLibrary">
<doc>Types the given ``text`` into the text field identified by ``locator``.</doc>
<arguments>
<arg>id:prov</arg>
<arg>${province}</arg>
</arguments>
<msg timestamp="20210207 17:35:04.007" level="INFO">Typing text '!@#!@##!' into text field 'id:prov'.</msg>
<status status="PASS" starttime="20210207 17:35:04.006" endtime="20210207 17:35:04.140"></status>
</kw>
<status status="PASS" starttime="20210207 17:35:04.006" endtime="20210207 17:35:04.141"></status>
</kw>
<kw name="Submit New Shipping Details" library="resource">
<kw name="Click Button" library="SeleniumLibrary">
<doc>Clicks the button identified by ``locator``.</doc>
<arguments>
<arg>id:shipsubmit</arg>
</arguments>
<msg timestamp="20210207 17:35:04.142" level="INFO">Clicking button 'id:shipsubmit'.</msg>
<status status="PASS" starttime="20210207 17:35:04.142" endtime="20210207 17:35:08.539"></status>
</kw>
<status status="PASS" starttime="20210207 17:35:04.141" endtime="20210207 17:35:08.539"></status>
</kw>
<kw name="Edit Shipping Details Should Have Failed (Invalid Province)" library="resource">
<kw name="Element Text Should Be" library="SeleniumLibrary">
<doc>Verifies that element ``locator`` contains exact the text ``expected``.</doc>
<arguments>
<arg>id=error-msg</arg>
<arg>Error: Province should only contain letters and spaces.</arg>
</arguments>
<msg timestamp="20210207 17:35:08.543" level="INFO">Verifying element 'id=error-msg' contains exact text 'Error: Province should only contain letters and spaces.'.</msg>
<status status="PASS" starttime="20210207 17:35:08.543" endtime="20210207 17:35:08.580"></status>
</kw>
<status status="PASS" starttime="20210207 17:35:08.542" endtime="20210207 17:35:08.581"></status>
</kw>
<status status="PASS" starttime="20210207 17:35:00.808" endtime="20210207 17:35:08.582" critical="yes"></status>
</test>
<test id="s1-t17" name="Edit Shipping Details Should Fail (Null Province)">
<kw name="Go To Profile" library="resource" type="setup">
<kw name="Click Profile Icon" library="resource">
<kw name="Click Element" library="SeleniumLibrary">
<doc>Click the element identified by ``locator``.</doc>
<arguments>
<arg>id:proficon</arg>
</arguments>
<msg timestamp="20210207 17:35:08.592" level="INFO">Clicking element 'id:proficon'.</msg>
<status status="PASS" starttime="20210207 17:35:08.592" endtime="20210207 17:35:11.669"></status>
</kw>
<status status="PASS" starttime="20210207 17:35:08.591" endtime="20210207 17:35:11.670"></status>
</kw>
<kw name="Location Should Be" library="SeleniumLibrary">
<doc>Verifies that the current URL is exactly ``url``.</doc>
<arguments>
<arg>${LOGIN URL}</arg>
</arguments>
<msg timestamp="20210207 17:35:11.679" level="INFO">Current location is 'https://salawalco.herokuapp.com/profile'.</msg>
<status status="PASS" starttime="20210207 17:35:11.670" endtime="20210207 17:35:11.680"></status>
</kw>
<kw name="User Profile Should Be Accessible" library="resource">
<kw name="Page Should Contain Element" library="SeleniumLibrary">
<doc>Verifies that element ``locator`` is found on the current page.</doc>
<arguments>
<arg>class:profile-edit</arg>
</arguments>
<msg timestamp="20210207 17:35:11.691" level="INFO">Current page contains element 'class:profile-edit'.</msg>
<status status="PASS" starttime="20210207 17:35:11.681" endtime="20210207 17:35:11.692"></status>
</kw>
<status status="PASS" starttime="20210207 17:35:11.680" endtime="20210207 17:35:11.692"></status>
</kw>
<status status="PASS" starttime="20210207 17:35:08.591" endtime="20210207 17:35:11.692"></status>
</kw>
<kw name="Edit Shipping Details" library="resource">
<kw name="Click Element" library="SeleniumLibrary">
<doc>Click the element identified by ``locator``.</doc>
<arguments>
<arg>id:shipbutton</arg>
</arguments>
<msg timestamp="20210207 17:35:11.696" level="INFO">Clicking element 'id:shipbutton'.</msg>
<status status="PASS" starttime="20210207 17:35:11.696" endtime="20210207 17:35:11.752"></status>
</kw>
<status status="PASS" starttime="20210207 17:35:11.695" endtime="20210207 17:35:11.752"></status>
</kw>
<kw name="Input Province in Shipping Details" library="resource">
<arguments>
<arg>${NULL PROVINCE}</arg>
</arguments>
<kw name="Input Text" library="SeleniumLibrary">
<doc>Types the given ``text`` into the text field identified by ``locator``.</doc>
<arguments>
<arg>id:prov</arg>
<arg>${province}</arg>
</arguments>
<msg timestamp="20210207 17:35:11.754" level="INFO">Typing text '' into text field 'id:prov'.</msg>
<status status="PASS" starttime="20210207 17:35:11.754" endtime="20210207 17:35:11.889"></status>
</kw>
<status status="PASS" starttime="20210207 17:35:11.754" endtime="20210207 17:35:11.889"></status>
</kw>
<kw name="Submit New Shipping Details" library="resource">
<kw name="Click Button" library="SeleniumLibrary">
<doc>Clicks the button identified by ``locator``.</doc>
<arguments>
<arg>id:shipsubmit</arg>
</arguments>
<msg timestamp="20210207 17:35:11.891" level="INFO">Clicking button 'id:shipsubmit'.</msg>
<status status="PASS" starttime="20210207 17:35:11.891" endtime="20210207 17:35:15.783"></status>
</kw>
<status status="PASS" starttime="20210207 17:35:11.890" endtime="20210207 17:35:15.783"></status>
</kw>
<kw name="Edit Shipping Details Should Have Failed (Null Province)" library="resource">
<kw name="Element Text Should Be" library="SeleniumLibrary">
<doc>Verifies that element ``locator`` contains exact the text ``expected``.</doc>
<arguments>
<arg>id=error-msg</arg>
<arg>Error: Province is required. Province should only contain letters and spaces.</arg>
</arguments>
<msg timestamp="20210207 17:35:15.785" level="INFO">Verifying element 'id=error-msg' contains exact text 'Error: Province is required. Province should only contain letters and spaces.'.</msg>
<status status="PASS" starttime="20210207 17:35:15.785" endtime="20210207 17:35:15.817"></status>
</kw>
<status status="PASS" starttime="20210207 17:35:15.784" endtime="20210207 17:35:15.817"></status>
</kw>
<status status="PASS" starttime="20210207 17:35:08.590" endtime="20210207 17:35:15.818" critical="yes"></status>
</test>
<kw name="Close Browser" library="SeleniumLibrary" type="teardown">
<doc>Closes the current browser.</doc>
<status status="PASS" starttime="20210207 17:35:15.822" endtime="20210207 17:35:18.339"></status>
</kw>
<doc>A test suite with a single test for a Invalid editing of profile

This test has a workflow that is created using keywords
directly from SeleniumLibrary</doc>
<status status="PASS" starttime="20210207 17:32:29.462" endtime="20210207 17:35:18.339"></status>
</suite>
<statistics>
<total>
<stat pass="17" fail="0">Critical Tests</stat>
<stat pass="17" fail="0">All Tests</stat>
</total>
<tag>
</tag>
<suite>
<stat pass="17" fail="0" id="s1" name="Invalid Edit Profile">Invalid Edit Profile</stat>
</suite>
</statistics>
<errors>
</errors>
</robot>
