<?xml version="1.0" encoding="UTF-8"?>
<robot generator="Robot 3.2.2 (Python 3.7.4 on win32)" generated="20210128 12:24:59.483" rpa="false">
<suite id="s1" name="Invalid Edit Profile" source="D:\Github\STSWENG-JOWABLES\robot_framework\edit_profile\invalid_edit_profile.robot">
<kw name="Login Successfully" library="resource" type="setup">
<kw name="Go to Login Page" library="resource">
<kw name="Open Browser to Home Page" library="resource">
<kw name="Open Browser" library="SeleniumLibrary">
<doc>Opens a new browser instance to the optional ``url``.</doc>
<arguments>
<arg>${MAIN URL}</arg>
<arg>${BROWSER}</arg>
</arguments>
<msg timestamp="20210128 12:24:59.653" level="INFO">Opening browser 'Chrome' to base url 'https://salawalco.herokuapp.com/'.</msg>
<status status="PASS" starttime="20210128 12:24:59.653" endtime="20210128 12:25:10.224"></status>
</kw>
<kw name="Maximize Browser Window" library="SeleniumLibrary">
<doc>Maximizes current browser window.</doc>
<status status="PASS" starttime="20210128 12:25:10.224" endtime="20210128 12:25:10.360"></status>
</kw>
<kw name="Set Selenium Speed" library="SeleniumLibrary">
<doc>Sets the delay that is waited after each Selenium command.</doc>
<arguments>
<arg>${DELAY}</arg>
</arguments>
<status status="PASS" starttime="20210128 12:25:10.360" endtime="20210128 12:25:10.360"></status>
</kw>
<kw name="Page Should Contain Element" library="SeleniumLibrary">
<doc>Verifies that element ``locator`` is found on the current page.</doc>
<arguments>
<arg>class:masthead-banner</arg>
</arguments>
<msg timestamp="20210128 12:25:10.392" level="INFO">Current page contains element 'class:masthead-banner'.</msg>
<status status="PASS" starttime="20210128 12:25:10.361" endtime="20210128 12:25:10.392"></status>
</kw>
<status status="PASS" starttime="20210128 12:24:59.652" endtime="20210128 12:25:10.392"></status>
</kw>
<kw name="Click Profile Icon" library="resource">
<kw name="Click Element" library="SeleniumLibrary">
<doc>Click the element identified by ``locator``.</doc>
<arguments>
<arg>id:proficon</arg>
</arguments>
<msg timestamp="20210128 12:25:10.392" level="INFO">Clicking element 'id:proficon'.</msg>
<status status="PASS" starttime="20210128 12:25:10.392" endtime="20210128 12:25:12.902"></status>
</kw>
<status status="PASS" starttime="20210128 12:25:10.392" endtime="20210128 12:25:12.902"></status>
</kw>
<kw name="Login Page Should Be Open" library="resource">
<kw name="Page Should Contain Element" library="SeleniumLibrary">
<doc>Verifies that element ``locator`` is found on the current page.</doc>
<arguments>
<arg>id:logbtn</arg>
</arguments>
<msg timestamp="20210128 12:25:12.918" level="INFO">Current page contains element 'id:logbtn'.</msg>
<status status="PASS" starttime="20210128 12:25:12.904" endtime="20210128 12:25:12.918"></status>
</kw>
<status status="PASS" starttime="20210128 12:25:12.902" endtime="20210128 12:25:12.920"></status>
</kw>
<status status="PASS" starttime="20210128 12:24:59.652" endtime="20210128 12:25:12.920"></status>
</kw>
<kw name="Input Email in Login" library="resource">
<arguments>
<arg>${ORIGINAL EMAIL}</arg>
</arguments>
<kw name="Input Text" library="SeleniumLibrary">
<doc>Types the given ``text`` into the text field identified by ``locator``.</doc>
<arguments>
<arg>id:logemail</arg>
<arg>${email}</arg>
</arguments>
<msg timestamp="20210128 12:25:12.924" level="INFO">Typing text 'sophiasee@gmail.com' into text field 'id:logemail'.</msg>
<status status="PASS" starttime="20210128 12:25:12.923" endtime="20210128 12:25:13.050"></status>
</kw>
<status status="PASS" starttime="20210128 12:25:12.921" endtime="20210128 12:25:13.050"></status>
</kw>
<kw name="Input Password in Login" library="resource">
<arguments>
<arg>${ORIGINAL PASSWORD}</arg>
</arguments>
<kw name="Input Text" library="SeleniumLibrary">
<doc>Types the given ``text`` into the text field identified by ``locator``.</doc>
<arguments>
<arg>id:logpass</arg>
<arg>${password}</arg>
</arguments>
<msg timestamp="20210128 12:25:13.051" level="INFO">Typing text '12345678' into text field 'id:logpass'.</msg>
<status status="PASS" starttime="20210128 12:25:13.050" endtime="20210128 12:25:13.168"></status>
</kw>
<status status="PASS" starttime="20210128 12:25:13.050" endtime="20210128 12:25:13.169"></status>
</kw>
<kw name="Click Login Button" library="resource">
<kw name="Click Button" library="SeleniumLibrary">
<doc>Clicks the button identified by ``locator``.</doc>
<arguments>
<arg>id:logbtn</arg>
</arguments>
<msg timestamp="20210128 12:25:13.171" level="INFO">Clicking button 'id:logbtn'.</msg>
<status status="PASS" starttime="20210128 12:25:13.169" endtime="20210128 12:25:17.856"></status>
</kw>
<status status="PASS" starttime="20210128 12:25:13.169" endtime="20210128 12:25:17.857"></status>
</kw>
<kw name="Location Should Be" library="SeleniumLibrary">
<doc>Verifies that the current URL is exactly ``url``.</doc>
<arguments>
<arg>${MAIN URL}</arg>
</arguments>
<msg timestamp="20210128 12:25:17.887" level="INFO">Current location is 'https://salawalco.herokuapp.com/'.</msg>
<status status="PASS" starttime="20210128 12:25:17.859" endtime="20210128 12:25:17.887"></status>
</kw>
<status status="PASS" starttime="20210128 12:24:59.652" endtime="20210128 12:25:17.887"></status>
</kw>
<test id="s1-t1" name="Edit Invalid Email Should Fail">
<kw name="Go To Profile" library="resource" type="setup">
<kw name="Click Profile Icon" library="resource">
<kw name="Click Element" library="SeleniumLibrary">
<doc>Click the element identified by ``locator``.</doc>
<arguments>
<arg>id:proficon</arg>
</arguments>
<msg timestamp="20210128 12:25:17.892" level="INFO">Clicking element 'id:proficon'.</msg>
<status status="PASS" starttime="20210128 12:25:17.891" endtime="20210128 12:25:21.355"></status>
</kw>
<status status="PASS" starttime="20210128 12:25:17.890" endtime="20210128 12:25:21.355"></status>
</kw>
<kw name="Location Should Be" library="SeleniumLibrary">
<doc>Verifies that the current URL is exactly ``url``.</doc>
<arguments>
<arg>${LOGIN URL}</arg>
</arguments>
<msg timestamp="20210128 12:25:21.361" level="INFO">Current location is 'https://salawalco.herokuapp.com/profile'.</msg>
<status status="PASS" starttime="20210128 12:25:21.355" endtime="20210128 12:25:21.361"></status>
</kw>
<kw name="User Profile Should Be Accessible" library="resource">
<kw name="Page Should Contain Element" library="SeleniumLibrary">
<doc>Verifies that element ``locator`` is found on the current page.</doc>
<arguments>
<arg>class:profile-edit</arg>
</arguments>
<msg timestamp="20210128 12:25:21.377" level="INFO">Current page contains element 'class:profile-edit'.</msg>
<status status="PASS" starttime="20210128 12:25:21.363" endtime="20210128 12:25:21.377"></status>
</kw>
<status status="PASS" starttime="20210128 12:25:21.361" endtime="20210128 12:25:21.377"></status>
</kw>
<status status="PASS" starttime="20210128 12:25:17.888" endtime="20210128 12:25:21.378"></status>
</kw>
<kw name="Edit Profile" library="resource">
<kw name="Click Button" library="SeleniumLibrary">
<doc>Clicks the button identified by ``locator``.</doc>
<arguments>
<arg>class:profile-edit</arg>
</arguments>
<msg timestamp="20210128 12:25:21.383" level="INFO">Clicking button 'class:profile-edit'.</msg>
<status status="PASS" starttime="20210128 12:25:21.382" endtime="20210128 12:25:21.458"></status>
</kw>
<status status="PASS" starttime="20210128 12:25:21.381" endtime="20210128 12:25:21.458"></status>
</kw>
<kw name="Set Selenium Speed" library="SeleniumLibrary">
<doc>Sets the delay that is waited after each Selenium command.</doc>
<arguments>
<arg>0.5</arg>
</arguments>
<status status="PASS" starttime="20210128 12:25:21.459" endtime="20210128 12:25:21.459"></status>
</kw>
<kw name="Input Email in Edit Profile" library="resource">
<arguments>
<arg>${INVALID EMAIL}</arg>
</arguments>
<kw name="Input Text" library="SeleniumLibrary">
<doc>Types the given ``text`` into the text field identified by ``locator``.</doc>
<arguments>
<arg>id:editemail</arg>
<arg>${email}</arg>
</arguments>
<msg timestamp="20210128 12:25:21.462" level="INFO">Typing text 'email@-example.com' into text field 'id:editemail'.</msg>
<status status="PASS" starttime="20210128 12:25:21.460" endtime="20210128 12:25:23.122"></status>
</kw>
<status status="PASS" starttime="20210128 12:25:21.460" endtime="20210128 12:25:23.122"></status>
</kw>
<kw name="Set Selenium Speed" library="SeleniumLibrary">
<doc>Sets the delay that is waited after each Selenium command.</doc>
<arguments>
<arg>0</arg>
</arguments>
<status status="PASS" starttime="20210128 12:25:23.124" endtime="20210128 12:25:23.124"></status>
</kw>
<kw name="Submit New email" library="resource">
<kw name="Click Button" library="SeleniumLibrary">
<doc>Clicks the button identified by ``locator``.</doc>
<arguments>
<arg>id:email-save-btn</arg>
</arguments>
<msg timestamp="20210128 12:25:23.125" level="INFO">Clicking button 'id:email-save-btn'.</msg>
<status status="PASS" starttime="20210128 12:25:23.125" endtime="20210128 12:25:27.396"></status>
</kw>
<status status="PASS" starttime="20210128 12:25:23.125" endtime="20210128 12:25:27.396"></status>
</kw>
<kw name="Edit Should Have Failed (Invalid Email)" library="resource">
<kw name="Element Text Should Be" library="SeleniumLibrary">
<doc>Verifies that element ``locator`` contains exact the text ``expected``.</doc>
<arguments>
<arg>id=error-msg</arg>
<arg>Error: Please provide a valid email.</arg>
</arguments>
<msg timestamp="20210128 12:25:27.398" level="INFO">Verifying element 'id=error-msg' contains exact text 'Error: Please provide a valid email.'.</msg>
<status status="PASS" starttime="20210128 12:25:27.397" endtime="20210128 12:25:27.438"></status>
</kw>
<status status="PASS" starttime="20210128 12:25:27.397" endtime="20210128 12:25:27.439"></status>
</kw>
<status status="PASS" starttime="20210128 12:25:17.887" endtime="20210128 12:25:27.440" critical="yes"></status>
</test>
<test id="s1-t2" name="Edit Invalid Password Should Fail">
<kw name="Go To Profile" library="resource" type="setup">
<kw name="Click Profile Icon" library="resource">
<kw name="Click Element" library="SeleniumLibrary">
<doc>Click the element identified by ``locator``.</doc>
<arguments>
<arg>id:proficon</arg>
</arguments>
<msg timestamp="20210128 12:25:27.447" level="INFO">Clicking element 'id:proficon'.</msg>
<status status="PASS" starttime="20210128 12:25:27.447" endtime="20210128 12:25:30.904"></status>
</kw>
<status status="PASS" starttime="20210128 12:25:27.446" endtime="20210128 12:25:30.904"></status>
</kw>
<kw name="Location Should Be" library="SeleniumLibrary">
<doc>Verifies that the current URL is exactly ``url``.</doc>
<arguments>
<arg>${LOGIN URL}</arg>
</arguments>
<msg timestamp="20210128 12:25:30.914" level="INFO">Current location is 'https://salawalco.herokuapp.com/profile'.</msg>
<status status="PASS" starttime="20210128 12:25:30.905" endtime="20210128 12:25:30.914"></status>
</kw>
<kw name="User Profile Should Be Accessible" library="resource">
<kw name="Page Should Contain Element" library="SeleniumLibrary">
<doc>Verifies that element ``locator`` is found on the current page.</doc>
<arguments>
<arg>class:profile-edit</arg>
</arguments>
<msg timestamp="20210128 12:25:30.930" level="INFO">Current page contains element 'class:profile-edit'.</msg>
<status status="PASS" starttime="20210128 12:25:30.914" endtime="20210128 12:25:30.930"></status>
</kw>
<status status="PASS" starttime="20210128 12:25:30.914" endtime="20210128 12:25:30.930"></status>
</kw>
<status status="PASS" starttime="20210128 12:25:27.446" endtime="20210128 12:25:30.930"></status>
</kw>
<kw name="Edit Profile" library="resource">
<kw name="Click Button" library="SeleniumLibrary">
<doc>Clicks the button identified by ``locator``.</doc>
<arguments>
<arg>class:profile-edit</arg>
</arguments>
<msg timestamp="20210128 12:25:30.932" level="INFO">Clicking button 'class:profile-edit'.</msg>
<status status="PASS" starttime="20210128 12:25:30.932" endtime="20210128 12:25:31.028"></status>
</kw>
<status status="PASS" starttime="20210128 12:25:30.931" endtime="20210128 12:25:31.029"></status>
</kw>
<kw name="Set Selenium Speed" library="SeleniumLibrary">
<doc>Sets the delay that is waited after each Selenium command.</doc>
<arguments>
<arg>0.5</arg>
</arguments>
<status status="PASS" starttime="20210128 12:25:31.030" endtime="20210128 12:25:31.031"></status>
</kw>
<kw name="Input Password in Edit Profile" library="resource">
<arguments>
<arg>${INVALID PASSWORD}</arg>
</arguments>
<kw name="Input Text" library="SeleniumLibrary">
<doc>Types the given ``text`` into the text field identified by ``locator``.</doc>
<arguments>
<arg>id:editpassword</arg>
<arg>${password}</arg>
</arguments>
<msg timestamp="20210128 12:25:31.032" level="INFO">Typing text '123' into text field 'id:editpassword'.</msg>
<status status="PASS" starttime="20210128 12:25:31.032" endtime="20210128 12:25:32.697"></status>
</kw>
<kw name="Input Text" library="SeleniumLibrary">
<doc>Types the given ``text`` into the text field identified by ``locator``.</doc>
<arguments>
<arg>id:cpassword</arg>
<arg>${password}</arg>
</arguments>
<msg timestamp="20210128 12:25:32.697" level="INFO">Typing text '123' into text field 'id:cpassword'.</msg>
<status status="PASS" starttime="20210128 12:25:32.697" endtime="20210128 12:25:34.315"></status>
</kw>
<status status="PASS" starttime="20210128 12:25:31.031" endtime="20210128 12:25:34.315"></status>
</kw>
<kw name="Set Selenium Speed" library="SeleniumLibrary">
<doc>Sets the delay that is waited after each Selenium command.</doc>
<arguments>
<arg>0</arg>
</arguments>
<status status="PASS" starttime="20210128 12:25:34.316" endtime="20210128 12:25:34.316"></status>
</kw>
<kw name="Submit New Password" library="resource">
<kw name="Click Button" library="SeleniumLibrary">
<doc>Clicks the button identified by ``locator``.</doc>
<arguments>
<arg>id:pass-save-btn</arg>
</arguments>
<msg timestamp="20210128 12:25:34.317" level="INFO">Clicking button 'id:pass-save-btn'.</msg>
<status status="PASS" starttime="20210128 12:25:34.317" endtime="20210128 12:25:38.627"></status>
</kw>
<status status="PASS" starttime="20210128 12:25:34.317" endtime="20210128 12:25:38.627"></status>
</kw>
<kw name="Edit Should Have Failed (Invalid or Null Password)" library="resource">
<kw name="Element Text Should Be" library="SeleniumLibrary">
<doc>Verifies that element ``locator`` contains exact the text ``expected``.</doc>
<arguments>
<arg>id=error-msg</arg>
<arg>Error: Password needs to be at least 8 characters long. Confirm password needs to be at least 8 characters long.</arg>
</arguments>
<msg timestamp="20210128 12:25:38.633" level="INFO">Verifying element 'id=error-msg' contains exact text 'Error: Password needs to be at least 8 characters long. Confirm password needs to be at least 8 characters long.'.</msg>
<status status="PASS" starttime="20210128 12:25:38.632" endtime="20210128 12:25:38.668"></status>
</kw>
<status status="PASS" starttime="20210128 12:25:38.629" endtime="20210128 12:25:38.669"></status>
</kw>
<status status="PASS" starttime="20210128 12:25:27.445" endtime="20210128 12:25:38.670" critical="yes"></status>
</test>
<test id="s1-t3" name="Edit Null Email Should Fail">
<kw name="Go To Profile" library="resource" type="setup">
<kw name="Click Profile Icon" library="resource">
<kw name="Click Element" library="SeleniumLibrary">
<doc>Click the element identified by ``locator``.</doc>
<arguments>
<arg>id:proficon</arg>
</arguments>
<msg timestamp="20210128 12:25:38.678" level="INFO">Clicking element 'id:proficon'.</msg>
<status status="PASS" starttime="20210128 12:25:38.677" endtime="20210128 12:25:42.161"></status>
</kw>
<status status="PASS" starttime="20210128 12:25:38.677" endtime="20210128 12:25:42.162"></status>
</kw>
<kw name="Location Should Be" library="SeleniumLibrary">
<doc>Verifies that the current URL is exactly ``url``.</doc>
<arguments>
<arg>${LOGIN URL}</arg>
</arguments>
<msg timestamp="20210128 12:25:42.173" level="INFO">Current location is 'https://salawalco.herokuapp.com/profile'.</msg>
<status status="PASS" starttime="20210128 12:25:42.162" endtime="20210128 12:25:42.174"></status>
</kw>
<kw name="User Profile Should Be Accessible" library="resource">
<kw name="Page Should Contain Element" library="SeleniumLibrary">
<doc>Verifies that element ``locator`` is found on the current page.</doc>
<arguments>
<arg>class:profile-edit</arg>
</arguments>
<msg timestamp="20210128 12:25:42.194" level="INFO">Current page contains element 'class:profile-edit'.</msg>
<status status="PASS" starttime="20210128 12:25:42.175" endtime="20210128 12:25:42.194"></status>
</kw>
<status status="PASS" starttime="20210128 12:25:42.174" endtime="20210128 12:25:42.194"></status>
</kw>
<status status="PASS" starttime="20210128 12:25:38.676" endtime="20210128 12:25:42.194"></status>
</kw>
<kw name="Edit Profile" library="resource">
<kw name="Click Button" library="SeleniumLibrary">
<doc>Clicks the button identified by ``locator``.</doc>
<arguments>
<arg>class:profile-edit</arg>
</arguments>
<msg timestamp="20210128 12:25:42.196" level="INFO">Clicking button 'class:profile-edit'.</msg>
<status status="PASS" starttime="20210128 12:25:42.196" endtime="20210128 12:25:42.338"></status>
</kw>
<status status="PASS" starttime="20210128 12:25:42.195" endtime="20210128 12:25:42.339"></status>
</kw>
<kw name="Set Selenium Speed" library="SeleniumLibrary">
<doc>Sets the delay that is waited after each Selenium command.</doc>
<arguments>
<arg>0.5</arg>
</arguments>
<status status="PASS" starttime="20210128 12:25:42.341" endtime="20210128 12:25:42.342"></status>
</kw>
<kw name="Input Email in Edit Profile" library="resource">
<arguments>
<arg>${NULL EMAIL}</arg>
</arguments>
<kw name="Input Text" library="SeleniumLibrary">
<doc>Types the given ``text`` into the text field identified by ``locator``.</doc>
<arguments>
<arg>id:editemail</arg>
<arg>${email}</arg>
</arguments>
<msg timestamp="20210128 12:25:42.344" level="INFO">Typing text '' into text field 'id:editemail'.</msg>
<status status="PASS" starttime="20210128 12:25:42.344" endtime="20210128 12:25:44.011"></status>
</kw>
<status status="PASS" starttime="20210128 12:25:42.343" endtime="20210128 12:25:44.012"></status>
</kw>
<kw name="Set Selenium Speed" library="SeleniumLibrary">
<doc>Sets the delay that is waited after each Selenium command.</doc>
<arguments>
<arg>0</arg>
</arguments>
<status status="PASS" starttime="20210128 12:25:44.013" endtime="20210128 12:25:44.013"></status>
</kw>
<kw name="Submit New email" library="resource">
<kw name="Click Button" library="SeleniumLibrary">
<doc>Clicks the button identified by ``locator``.</doc>
<arguments>
<arg>id:email-save-btn</arg>
</arguments>
<msg timestamp="20210128 12:25:44.014" level="INFO">Clicking button 'id:email-save-btn'.</msg>
<status status="PASS" starttime="20210128 12:25:44.014" endtime="20210128 12:25:48.294"></status>
</kw>
<status status="PASS" starttime="20210128 12:25:44.014" endtime="20210128 12:25:48.295"></status>
</kw>
<kw name="Edit Should Have Failed (Null Email)" library="resource">
<kw name="Element Text Should Be" library="SeleniumLibrary">
<doc>Verifies that element ``locator`` contains exact the text ``expected``.</doc>
<arguments>
<arg>id=error-msg</arg>
<arg>Error: Email is required. Please provide a valid email.</arg>
</arguments>
<msg timestamp="20210128 12:25:48.296" level="INFO">Verifying element 'id=error-msg' contains exact text 'Error: Email is required. Please provide a valid email.'.</msg>
<status status="PASS" starttime="20210128 12:25:48.296" endtime="20210128 12:25:48.333"></status>
</kw>
<status status="PASS" starttime="20210128 12:25:48.295" endtime="20210128 12:25:48.333"></status>
</kw>
<status status="PASS" starttime="20210128 12:25:38.675" endtime="20210128 12:25:48.334" critical="yes"></status>
</test>
<test id="s1-t4" name="Edit Null Password Should Fail">
<kw name="Go To Profile" library="resource" type="setup">
<kw name="Click Profile Icon" library="resource">
<kw name="Click Element" library="SeleniumLibrary">
<doc>Click the element identified by ``locator``.</doc>
<arguments>
<arg>id:proficon</arg>
</arguments>
<msg timestamp="20210128 12:25:48.347" level="INFO">Clicking element 'id:proficon'.</msg>
<status status="PASS" starttime="20210128 12:25:48.347" endtime="20210128 12:25:51.802"></status>
</kw>
<status status="PASS" starttime="20210128 12:25:48.346" endtime="20210128 12:25:51.802"></status>
</kw>
<kw name="Location Should Be" library="SeleniumLibrary">
<doc>Verifies that the current URL is exactly ``url``.</doc>
<arguments>
<arg>${LOGIN URL}</arg>
</arguments>
<msg timestamp="20210128 12:25:51.811" level="INFO">Current location is 'https://salawalco.herokuapp.com/profile'.</msg>
<status status="PASS" starttime="20210128 12:25:51.802" endtime="20210128 12:25:51.812"></status>
</kw>
<kw name="User Profile Should Be Accessible" library="resource">
<kw name="Page Should Contain Element" library="SeleniumLibrary">
<doc>Verifies that element ``locator`` is found on the current page.</doc>
<arguments>
<arg>class:profile-edit</arg>
</arguments>
<msg timestamp="20210128 12:25:51.821" level="INFO">Current page contains element 'class:profile-edit'.</msg>
<status status="PASS" starttime="20210128 12:25:51.812" endtime="20210128 12:25:51.821"></status>
</kw>
<status status="PASS" starttime="20210128 12:25:51.812" endtime="20210128 12:25:51.822"></status>
</kw>
<status status="PASS" starttime="20210128 12:25:48.346" endtime="20210128 12:25:51.822"></status>
</kw>
<kw name="Edit Profile" library="resource">
<kw name="Click Button" library="SeleniumLibrary">
<doc>Clicks the button identified by ``locator``.</doc>
<arguments>
<arg>class:profile-edit</arg>
</arguments>
<msg timestamp="20210128 12:25:51.823" level="INFO">Clicking button 'class:profile-edit'.</msg>
<status status="PASS" starttime="20210128 12:25:51.823" endtime="20210128 12:25:51.902"></status>
</kw>
<status status="PASS" starttime="20210128 12:25:51.823" endtime="20210128 12:25:51.903"></status>
</kw>
<kw name="Set Selenium Speed" library="SeleniumLibrary">
<doc>Sets the delay that is waited after each Selenium command.</doc>
<arguments>
<arg>0.5</arg>
</arguments>
<status status="PASS" starttime="20210128 12:25:51.903" endtime="20210128 12:25:51.903"></status>
</kw>
<kw name="Input Password in Edit Profile" library="resource">
<arguments>
<arg>${NULL PASSWORD}</arg>
</arguments>
<kw name="Input Text" library="SeleniumLibrary">
<doc>Types the given ``text`` into the text field identified by ``locator``.</doc>
<arguments>
<arg>id:editpassword</arg>
<arg>${password}</arg>
</arguments>
<msg timestamp="20210128 12:25:51.906" level="INFO">Typing text '' into text field 'id:editpassword'.</msg>
<status status="PASS" starttime="20210128 12:25:51.905" endtime="20210128 12:25:53.535"></status>
</kw>
<kw name="Input Text" library="SeleniumLibrary">
<doc>Types the given ``text`` into the text field identified by ``locator``.</doc>
<arguments>
<arg>id:cpassword</arg>
<arg>${password}</arg>
</arguments>
<msg timestamp="20210128 12:25:53.536" level="INFO">Typing text '' into text field 'id:cpassword'.</msg>
<status status="PASS" starttime="20210128 12:25:53.535" endtime="20210128 12:25:55.144"></status>
</kw>
<status status="PASS" starttime="20210128 12:25:51.904" endtime="20210128 12:25:55.146"></status>
</kw>
<kw name="Set Selenium Speed" library="SeleniumLibrary">
<doc>Sets the delay that is waited after each Selenium command.</doc>
<arguments>
<arg>0</arg>
</arguments>
<status status="PASS" starttime="20210128 12:25:55.149" endtime="20210128 12:25:55.149"></status>
</kw>
<kw name="Submit New Password" library="resource">
<kw name="Click Button" library="SeleniumLibrary">
<doc>Clicks the button identified by ``locator``.</doc>
<arguments>
<arg>id:pass-save-btn</arg>
</arguments>
<msg timestamp="20210128 12:25:55.151" level="INFO">Clicking button 'id:pass-save-btn'.</msg>
<status status="PASS" starttime="20210128 12:25:55.151" endtime="20210128 12:25:59.415"></status>
</kw>
<status status="PASS" starttime="20210128 12:25:55.150" endtime="20210128 12:25:59.418"></status>
</kw>
<kw name="Edit Should Have Failed (Invalid or Null Password)" library="resource">
<kw name="Element Text Should Be" library="SeleniumLibrary">
<doc>Verifies that element ``locator`` contains exact the text ``expected``.</doc>
<arguments>
<arg>id=error-msg</arg>
<arg>Error: Password needs to be at least 8 characters long. Confirm password needs to be at least 8 characters long.</arg>
</arguments>
<msg timestamp="20210128 12:25:59.420" level="INFO">Verifying element 'id=error-msg' contains exact text 'Error: Password needs to be at least 8 characters long. Confirm password needs to be at least 8 characters long.'.</msg>
<status status="PASS" starttime="20210128 12:25:59.420" endtime="20210128 12:25:59.457"></status>
</kw>
<status status="PASS" starttime="20210128 12:25:59.420" endtime="20210128 12:25:59.458"></status>
</kw>
<status status="PASS" starttime="20210128 12:25:48.345" endtime="20210128 12:25:59.459" critical="yes"></status>
</test>
<test id="s1-t5" name="Edit Valid Password But Not Matched With Confirm Password Should Fail">
<kw name="Go To Profile" library="resource" type="setup">
<kw name="Click Profile Icon" library="resource">
<kw name="Click Element" library="SeleniumLibrary">
<doc>Click the element identified by ``locator``.</doc>
<arguments>
<arg>id:proficon</arg>
</arguments>
<msg timestamp="20210128 12:25:59.469" level="INFO">Clicking element 'id:proficon'.</msg>
<status status="PASS" starttime="20210128 12:25:59.469" endtime="20210128 12:26:02.913"></status>
</kw>
<status status="PASS" starttime="20210128 12:25:59.468" endtime="20210128 12:26:02.913"></status>
</kw>
<kw name="Location Should Be" library="SeleniumLibrary">
<doc>Verifies that the current URL is exactly ``url``.</doc>
<arguments>
<arg>${LOGIN URL}</arg>
</arguments>
<msg timestamp="20210128 12:26:02.921" level="INFO">Current location is 'https://salawalco.herokuapp.com/profile'.</msg>
<status status="PASS" starttime="20210128 12:26:02.913" endtime="20210128 12:26:02.921"></status>
</kw>
<kw name="User Profile Should Be Accessible" library="resource">
<kw name="Page Should Contain Element" library="SeleniumLibrary">
<doc>Verifies that element ``locator`` is found on the current page.</doc>
<arguments>
<arg>class:profile-edit</arg>
</arguments>
<msg timestamp="20210128 12:26:02.931" level="INFO">Current page contains element 'class:profile-edit'.</msg>
<status status="PASS" starttime="20210128 12:26:02.922" endtime="20210128 12:26:02.932"></status>
</kw>
<status status="PASS" starttime="20210128 12:26:02.921" endtime="20210128 12:26:02.932"></status>
</kw>
<status status="PASS" starttime="20210128 12:25:59.466" endtime="20210128 12:26:02.932"></status>
</kw>
<kw name="Edit Profile" library="resource">
<kw name="Click Button" library="SeleniumLibrary">
<doc>Clicks the button identified by ``locator``.</doc>
<arguments>
<arg>class:profile-edit</arg>
</arguments>
<msg timestamp="20210128 12:26:02.933" level="INFO">Clicking button 'class:profile-edit'.</msg>
<status status="PASS" starttime="20210128 12:26:02.933" endtime="20210128 12:26:03.007"></status>
</kw>
<status status="PASS" starttime="20210128 12:26:02.933" endtime="20210128 12:26:03.007"></status>
</kw>
<kw name="Set Selenium Speed" library="SeleniumLibrary">
<doc>Sets the delay that is waited after each Selenium command.</doc>
<arguments>
<arg>0.5</arg>
</arguments>
<status status="PASS" starttime="20210128 12:26:03.008" endtime="20210128 12:26:03.009"></status>
</kw>
<kw name="Input Password in Edit Profile" library="resource">
<arguments>
<arg>${VALID PASSWORD}</arg>
</arguments>
<kw name="Input Text" library="SeleniumLibrary">
<doc>Types the given ``text`` into the text field identified by ``locator``.</doc>
<arguments>
<arg>id:editpassword</arg>
<arg>${password}</arg>
</arguments>
<msg timestamp="20210128 12:26:03.011" level="INFO">Typing text '123456789' into text field 'id:editpassword'.</msg>
<status status="PASS" starttime="20210128 12:26:03.011" endtime="20210128 12:26:04.668"></status>
</kw>
<kw name="Input Text" library="SeleniumLibrary">
<doc>Types the given ``text`` into the text field identified by ``locator``.</doc>
<arguments>
<arg>id:cpassword</arg>
<arg>${password}</arg>
</arguments>
<msg timestamp="20210128 12:26:04.669" level="INFO">Typing text '123456789' into text field 'id:cpassword'.</msg>
<status status="PASS" starttime="20210128 12:26:04.668" endtime="20210128 12:26:06.305"></status>
</kw>
<status status="PASS" starttime="20210128 12:26:03.009" endtime="20210128 12:26:06.306"></status>
</kw>
<kw name="Set Selenium Speed" library="SeleniumLibrary">
<doc>Sets the delay that is waited after each Selenium command.</doc>
<arguments>
<arg>0</arg>
</arguments>
<status status="PASS" starttime="20210128 12:26:06.309" endtime="20210128 12:26:06.310"></status>
</kw>
<kw name="Input Different Confirm Password in Edit Profile" library="resource">
<arguments>
<arg>${NULL PASSWORD}</arg>
</arguments>
<kw name="Input Text" library="SeleniumLibrary">
<doc>Types the given ``text`` into the text field identified by ``locator``.</doc>
<arguments>
<arg>id:cpassword</arg>
<arg>${password}</arg>
</arguments>
<msg timestamp="20210128 12:26:06.311" level="INFO">Typing text '' into text field 'id:cpassword'.</msg>
<status status="PASS" starttime="20210128 12:26:06.311" endtime="20210128 12:26:06.383"></status>
</kw>
<status status="PASS" starttime="20210128 12:26:06.311" endtime="20210128 12:26:06.383"></status>
</kw>
<kw name="Submit New Password" library="resource">
<kw name="Click Button" library="SeleniumLibrary">
<doc>Clicks the button identified by ``locator``.</doc>
<arguments>
<arg>id:pass-save-btn</arg>
</arguments>
<msg timestamp="20210128 12:26:06.384" level="INFO">Clicking button 'id:pass-save-btn'.</msg>
<status status="PASS" starttime="20210128 12:26:06.384" endtime="20210128 12:26:10.668"></status>
</kw>
<status status="PASS" starttime="20210128 12:26:06.383" endtime="20210128 12:26:10.669"></status>
</kw>
<kw name="Edit Should Have Failed (Not Matching Password)" library="resource">
<kw name="Element Text Should Be" library="SeleniumLibrary">
<doc>Verifies that element ``locator`` contains exact the text ``expected``.</doc>
<arguments>
<arg>id=error-msg</arg>
<arg>Error: Confirm password needs to be at least 8 characters long. Passwords need to match.</arg>
</arguments>
<msg timestamp="20210128 12:26:10.670" level="INFO">Verifying element 'id=error-msg' contains exact text 'Error: Confirm password needs to be at least 8 characters long. Passwords need to match.'.</msg>
<status status="PASS" starttime="20210128 12:26:10.670" endtime="20210128 12:26:10.707"></status>
</kw>
<status status="PASS" starttime="20210128 12:26:10.670" endtime="20210128 12:26:10.707"></status>
</kw>
<status status="PASS" starttime="20210128 12:25:59.464" endtime="20210128 12:26:10.710" critical="yes"></status>
</test>
<test id="s1-t6" name="Edit Shipping Details Should Fail (Invalid Full Name)">
<kw name="Go To Profile" library="resource" type="setup">
<kw name="Click Profile Icon" library="resource">
<kw name="Click Element" library="SeleniumLibrary">
<doc>Click the element identified by ``locator``.</doc>
<arguments>
<arg>id:proficon</arg>
</arguments>
<msg timestamp="20210128 12:26:10.722" level="INFO">Clicking element 'id:proficon'.</msg>
<status status="PASS" starttime="20210128 12:26:10.722" endtime="20210128 12:26:14.237"></status>
</kw>
<status status="PASS" starttime="20210128 12:26:10.722" endtime="20210128 12:26:14.237"></status>
</kw>
<kw name="Location Should Be" library="SeleniumLibrary">
<doc>Verifies that the current URL is exactly ``url``.</doc>
<arguments>
<arg>${LOGIN URL}</arg>
</arguments>
<msg timestamp="20210128 12:26:14.245" level="INFO">Current location is 'https://salawalco.herokuapp.com/profile'.</msg>
<status status="PASS" starttime="20210128 12:26:14.237" endtime="20210128 12:26:14.245"></status>
</kw>
<kw name="User Profile Should Be Accessible" library="resource">
<kw name="Page Should Contain Element" library="SeleniumLibrary">
<doc>Verifies that element ``locator`` is found on the current page.</doc>
<arguments>
<arg>class:profile-edit</arg>
</arguments>
<msg timestamp="20210128 12:26:14.260" level="INFO">Current page contains element 'class:profile-edit'.</msg>
<status status="PASS" starttime="20210128 12:26:14.246" endtime="20210128 12:26:14.260"></status>
</kw>
<status status="PASS" starttime="20210128 12:26:14.245" endtime="20210128 12:26:14.260"></status>
</kw>
<status status="PASS" starttime="20210128 12:26:10.721" endtime="20210128 12:26:14.260"></status>
</kw>
<kw name="Edit Shipping Details" library="resource">
<kw name="Click Element" library="SeleniumLibrary">
<doc>Click the element identified by ``locator``.</doc>
<arguments>
<arg>id:shipbutton</arg>
</arguments>
<msg timestamp="20210128 12:26:14.262" level="INFO">Clicking element 'id:shipbutton'.</msg>
<status status="PASS" starttime="20210128 12:26:14.261" endtime="20210128 12:26:14.323"></status>
</kw>
<status status="PASS" starttime="20210128 12:26:14.261" endtime="20210128 12:26:14.323"></status>
</kw>
<kw name="Input Full Name in Shipping Details" library="resource">
<arguments>
<arg>${INVALID FULL NAME}</arg>
</arguments>
<kw name="Input Text" library="SeleniumLibrary">
<doc>Types the given ``text`` into the text field identified by ``locator``.</doc>
<arguments>
<arg>id:fullname</arg>
<arg>${fullname}</arg>
</arguments>
<msg timestamp="20210128 12:26:14.325" level="INFO">Typing text '1110 0100 1111' into text field 'id:fullname'.</msg>
<status status="PASS" starttime="20210128 12:26:14.324" endtime="20210128 12:26:14.453"></status>
</kw>
<status status="PASS" starttime="20210128 12:26:14.324" endtime="20210128 12:26:14.453"></status>
</kw>
<kw name="Submit New Shipping Details" library="resource">
<kw name="Click Button" library="SeleniumLibrary">
<doc>Clicks the button identified by ``locator``.</doc>
<arguments>
<arg>id:shipsubmit</arg>
</arguments>
<msg timestamp="20210128 12:26:14.454" level="INFO">Clicking button 'id:shipsubmit'.</msg>
<status status="PASS" starttime="20210128 12:26:14.454" endtime="20210128 12:26:18.771"></status>
</kw>
<status status="PASS" starttime="20210128 12:26:14.454" endtime="20210128 12:26:18.772"></status>
</kw>
<kw name="Edit Shipping Details Should Have Failed (Invalid Full Name)" library="resource">
<kw name="Element Text Should Be" library="SeleniumLibrary">
<doc>Verifies that element ``locator`` contains exact the text ``expected``.</doc>
<arguments>
<arg>id=error-msg</arg>
<arg>Error: Name should only contain letters, periods and spaces.</arg>
</arguments>
<msg timestamp="20210128 12:26:18.774" level="INFO">Verifying element 'id=error-msg' contains exact text 'Error: Name should only contain letters, periods and spaces.'.</msg>
<status status="PASS" starttime="20210128 12:26:18.774" endtime="20210128 12:26:18.813"></status>
</kw>
<status status="PASS" starttime="20210128 12:26:18.773" endtime="20210128 12:26:18.813"></status>
</kw>
<status status="PASS" starttime="20210128 12:26:10.720" endtime="20210128 12:26:18.814" critical="yes"></status>
</test>
<test id="s1-t7" name="Edit Shipping Details Should Fail (Null Full Name)">
<kw name="Go To Profile" library="resource" type="setup">
<kw name="Click Profile Icon" library="resource">
<kw name="Click Element" library="SeleniumLibrary">
<doc>Click the element identified by ``locator``.</doc>
<arguments>
<arg>id:proficon</arg>
</arguments>
<msg timestamp="20210128 12:26:18.818" level="INFO">Clicking element 'id:proficon'.</msg>
<status status="PASS" starttime="20210128 12:26:18.818" endtime="20210128 12:26:22.291"></status>
</kw>
<status status="PASS" starttime="20210128 12:26:18.817" endtime="20210128 12:26:22.291"></status>
</kw>
<kw name="Location Should Be" library="SeleniumLibrary">
<doc>Verifies that the current URL is exactly ``url``.</doc>
<arguments>
<arg>${LOGIN URL}</arg>
</arguments>
<msg timestamp="20210128 12:26:22.301" level="INFO">Current location is 'https://salawalco.herokuapp.com/profile'.</msg>
<status status="PASS" starttime="20210128 12:26:22.292" endtime="20210128 12:26:22.301"></status>
</kw>
<kw name="User Profile Should Be Accessible" library="resource">
<kw name="Page Should Contain Element" library="SeleniumLibrary">
<doc>Verifies that element ``locator`` is found on the current page.</doc>
<arguments>
<arg>class:profile-edit</arg>
</arguments>
<msg timestamp="20210128 12:26:22.316" level="INFO">Current page contains element 'class:profile-edit'.</msg>
<status status="PASS" starttime="20210128 12:26:22.302" endtime="20210128 12:26:22.316"></status>
</kw>
<status status="PASS" starttime="20210128 12:26:22.301" endtime="20210128 12:26:22.316"></status>
</kw>
<status status="PASS" starttime="20210128 12:26:18.816" endtime="20210128 12:26:22.317"></status>
</kw>
<kw name="Edit Shipping Details" library="resource">
<kw name="Click Element" library="SeleniumLibrary">
<doc>Click the element identified by ``locator``.</doc>
<arguments>
<arg>id:shipbutton</arg>
</arguments>
<msg timestamp="20210128 12:26:22.318" level="INFO">Clicking element 'id:shipbutton'.</msg>
<status status="PASS" starttime="20210128 12:26:22.318" endtime="20210128 12:26:22.379"></status>
</kw>
<status status="PASS" starttime="20210128 12:26:22.318" endtime="20210128 12:26:22.379"></status>
</kw>
<kw name="Input Full Name in Shipping Details" library="resource">
<arguments>
<arg>${NULL FULL NAME}</arg>
</arguments>
<kw name="Input Text" library="SeleniumLibrary">
<doc>Types the given ``text`` into the text field identified by ``locator``.</doc>
<arguments>
<arg>id:fullname</arg>
<arg>${fullname}</arg>
</arguments>
<msg timestamp="20210128 12:26:22.381" level="INFO">Typing text '' into text field 'id:fullname'.</msg>
<status status="PASS" starttime="20210128 12:26:22.381" endtime="20210128 12:26:22.485"></status>
</kw>
<status status="PASS" starttime="20210128 12:26:22.380" endtime="20210128 12:26:22.485"></status>
</kw>
<kw name="Submit New Shipping Details" library="resource">
<kw name="Click Button" library="SeleniumLibrary">
<doc>Clicks the button identified by ``locator``.</doc>
<arguments>
<arg>id:shipsubmit</arg>
</arguments>
<msg timestamp="20210128 12:26:22.485" level="INFO">Clicking button 'id:shipsubmit'.</msg>
<status status="PASS" starttime="20210128 12:26:22.485" endtime="20210128 12:26:26.799"></status>
</kw>
<status status="PASS" starttime="20210128 12:26:22.485" endtime="20210128 12:26:26.800"></status>
</kw>
<kw name="Edit Shipping Details Should Have Failed (Null Full Name)" library="resource">
<kw name="Element Text Should Be" library="SeleniumLibrary">
<doc>Verifies that element ``locator`` contains exact the text ``expected``.</doc>
<arguments>
<arg>id=error-msg</arg>
<arg>Error: Full Name is required. Name should only contain letters, periods and spaces.</arg>
</arguments>
<msg timestamp="20210128 12:26:26.802" level="INFO">Verifying element 'id=error-msg' contains exact text 'Error: Full Name is required. Name should only contain letters, periods and spaces.'.</msg>
<status status="PASS" starttime="20210128 12:26:26.802" endtime="20210128 12:26:26.834"></status>
</kw>
<status status="PASS" starttime="20210128 12:26:26.801" endtime="20210128 12:26:26.834"></status>
</kw>
<status status="PASS" starttime="20210128 12:26:18.816" endtime="20210128 12:26:26.834" critical="yes"></status>
</test>
<test id="s1-t8" name="Edit Shipping Details Should Fail (Invalid Contact Number)">
<kw name="Go To Profile" library="resource" type="setup">
<kw name="Click Profile Icon" library="resource">
<kw name="Click Element" library="SeleniumLibrary">
<doc>Click the element identified by ``locator``.</doc>
<arguments>
<arg>id:proficon</arg>
</arguments>
<msg timestamp="20210128 12:26:26.838" level="INFO">Clicking element 'id:proficon'.</msg>
<status status="PASS" starttime="20210128 12:26:26.838" endtime="20210128 12:26:30.368"></status>
</kw>
<status status="PASS" starttime="20210128 12:26:26.838" endtime="20210128 12:26:30.368"></status>
</kw>
<kw name="Location Should Be" library="SeleniumLibrary">
<doc>Verifies that the current URL is exactly ``url``.</doc>
<arguments>
<arg>${LOGIN URL}</arg>
</arguments>
<msg timestamp="20210128 12:26:30.374" level="INFO">Current location is 'https://salawalco.herokuapp.com/profile'.</msg>
<status status="PASS" starttime="20210128 12:26:30.368" endtime="20210128 12:26:30.374"></status>
</kw>
<kw name="User Profile Should Be Accessible" library="resource">
<kw name="Page Should Contain Element" library="SeleniumLibrary">
<doc>Verifies that element ``locator`` is found on the current page.</doc>
<arguments>
<arg>class:profile-edit</arg>
</arguments>
<msg timestamp="20210128 12:26:30.389" level="INFO">Current page contains element 'class:profile-edit'.</msg>
<status status="PASS" starttime="20210128 12:26:30.375" endtime="20210128 12:26:30.389"></status>
</kw>
<status status="PASS" starttime="20210128 12:26:30.375" endtime="20210128 12:26:30.389"></status>
</kw>
<status status="PASS" starttime="20210128 12:26:26.838" endtime="20210128 12:26:30.389"></status>
</kw>
<kw name="Edit Shipping Details" library="resource">
<kw name="Click Element" library="SeleniumLibrary">
<doc>Click the element identified by ``locator``.</doc>
<arguments>
<arg>id:shipbutton</arg>
</arguments>
<msg timestamp="20210128 12:26:30.390" level="INFO">Clicking element 'id:shipbutton'.</msg>
<status status="PASS" starttime="20210128 12:26:30.390" endtime="20210128 12:26:30.454"></status>
</kw>
<status status="PASS" starttime="20210128 12:26:30.390" endtime="20210128 12:26:30.454"></status>
</kw>
<kw name="Input Contact Number in Shipping Details" library="resource">
<arguments>
<arg>${INVALID CONTACT NUM}</arg>
</arguments>
<kw name="Input Text" library="SeleniumLibrary">
<doc>Types the given ``text`` into the text field identified by ``locator``.</doc>
<arguments>
<arg>id:contno</arg>
<arg>${contactnum}</arg>
</arguments>
<msg timestamp="20210128 12:26:30.456" level="INFO">Typing text '123131' into text field 'id:contno'.</msg>
<status status="PASS" starttime="20210128 12:26:30.456" endtime="20210128 12:26:30.573"></status>
</kw>
<status status="PASS" starttime="20210128 12:26:30.456" endtime="20210128 12:26:30.574"></status>
</kw>
<kw name="Submit New Shipping Details" library="resource">
<kw name="Click Button" library="SeleniumLibrary">
<doc>Clicks the button identified by ``locator``.</doc>
<arguments>
<arg>id:shipsubmit</arg>
</arguments>
<msg timestamp="20210128 12:26:30.575" level="INFO">Clicking button 'id:shipsubmit'.</msg>
<status status="PASS" starttime="20210128 12:26:30.575" endtime="20210128 12:26:34.912"></status>
</kw>
<status status="PASS" starttime="20210128 12:26:30.574" endtime="20210128 12:26:34.912"></status>
</kw>
<kw name="Edit Shipping Details Should Have Failed (Invalid Contact Number)" library="resource">
<kw name="Element Text Should Be" library="SeleniumLibrary">
<doc>Verifies that element ``locator`` contains exact the text ``expected``.</doc>
<arguments>
<arg>id=error-msg</arg>
<arg>Error: Contact number should be 11 digits in length.</arg>
</arguments>
<msg timestamp="20210128 12:26:34.913" level="INFO">Verifying element 'id=error-msg' contains exact text 'Error: Contact number should be 11 digits in length.'.</msg>
<status status="PASS" starttime="20210128 12:26:34.913" endtime="20210128 12:26:34.942"></status>
</kw>
<status status="PASS" starttime="20210128 12:26:34.913" endtime="20210128 12:26:34.942"></status>
</kw>
<status status="PASS" starttime="20210128 12:26:26.837" endtime="20210128 12:26:34.943" critical="yes"></status>
</test>
<test id="s1-t9" name="Edit Shipping Details Should Fail (Null Contact Number)">
<kw name="Go To Profile" library="resource" type="setup">
<kw name="Click Profile Icon" library="resource">
<kw name="Click Element" library="SeleniumLibrary">
<doc>Click the element identified by ``locator``.</doc>
<arguments>
<arg>id:proficon</arg>
</arguments>
<msg timestamp="20210128 12:26:34.946" level="INFO">Clicking element 'id:proficon'.</msg>
<status status="PASS" starttime="20210128 12:26:34.946" endtime="20210128 12:26:38.429"></status>
</kw>
<status status="PASS" starttime="20210128 12:26:34.946" endtime="20210128 12:26:38.429"></status>
</kw>
<kw name="Location Should Be" library="SeleniumLibrary">
<doc>Verifies that the current URL is exactly ``url``.</doc>
<arguments>
<arg>${LOGIN URL}</arg>
</arguments>
<msg timestamp="20210128 12:26:38.437" level="INFO">Current location is 'https://salawalco.herokuapp.com/profile'.</msg>
<status status="PASS" starttime="20210128 12:26:38.430" endtime="20210128 12:26:38.437"></status>
</kw>
<kw name="User Profile Should Be Accessible" library="resource">
<kw name="Page Should Contain Element" library="SeleniumLibrary">
<doc>Verifies that element ``locator`` is found on the current page.</doc>
<arguments>
<arg>class:profile-edit</arg>
</arguments>
<msg timestamp="20210128 12:26:38.449" level="INFO">Current page contains element 'class:profile-edit'.</msg>
<status status="PASS" starttime="20210128 12:26:38.438" endtime="20210128 12:26:38.449"></status>
</kw>
<status status="PASS" starttime="20210128 12:26:38.437" endtime="20210128 12:26:38.450"></status>
</kw>
<status status="PASS" starttime="20210128 12:26:34.946" endtime="20210128 12:26:38.450"></status>
</kw>
<kw name="Edit Shipping Details" library="resource">
<kw name="Click Element" library="SeleniumLibrary">
<doc>Click the element identified by ``locator``.</doc>
<arguments>
<arg>id:shipbutton</arg>
</arguments>
<msg timestamp="20210128 12:26:38.452" level="INFO">Clicking element 'id:shipbutton'.</msg>
<status status="PASS" starttime="20210128 12:26:38.452" endtime="20210128 12:26:38.513"></status>
</kw>
<status status="PASS" starttime="20210128 12:26:38.451" endtime="20210128 12:26:38.513"></status>
</kw>
<kw name="Input Contact Number in Shipping Details" library="resource">
<arguments>
<arg>${NULL CONTACT NUM}</arg>
</arguments>
<kw name="Input Text" library="SeleniumLibrary">
<doc>Types the given ``text`` into the text field identified by ``locator``.</doc>
<arguments>
<arg>id:contno</arg>
<arg>${contactnum}</arg>
</arguments>
<msg timestamp="20210128 12:26:38.515" level="INFO">Typing text '' into text field 'id:contno'.</msg>
<status status="PASS" starttime="20210128 12:26:38.514" endtime="20210128 12:26:38.614"></status>
</kw>
<status status="PASS" starttime="20210128 12:26:38.514" endtime="20210128 12:26:38.614"></status>
</kw>
<kw name="Submit New Shipping Details" library="resource">
<kw name="Click Button" library="SeleniumLibrary">
<doc>Clicks the button identified by ``locator``.</doc>
<arguments>
<arg>id:shipsubmit</arg>
</arguments>
<msg timestamp="20210128 12:26:38.615" level="INFO">Clicking button 'id:shipsubmit'.</msg>
<status status="PASS" starttime="20210128 12:26:38.615" endtime="20210128 12:26:42.919"></status>
</kw>
<status status="PASS" starttime="20210128 12:26:38.615" endtime="20210128 12:26:42.921"></status>
</kw>
<kw name="Edit Shipping Details Should Have Failed (Null Contact Number)" library="resource">
<kw name="Element Text Should Be" library="SeleniumLibrary">
<doc>Verifies that element ``locator`` contains exact the text ``expected``.</doc>
<arguments>
<arg>id=error-msg</arg>
<arg>Error: Contact number should be 11 digits in length. Contact number should only be composed of numbers.</arg>
</arguments>
<msg timestamp="20210128 12:26:42.922" level="INFO">Verifying element 'id=error-msg' contains exact text 'Error: Contact number should be 11 digits in length. Contact number should only be composed of numbers.'.</msg>
<status status="PASS" starttime="20210128 12:26:42.922" endtime="20210128 12:26:42.956"></status>
</kw>
<status status="PASS" starttime="20210128 12:26:42.921" endtime="20210128 12:26:42.956"></status>
</kw>
<status status="PASS" starttime="20210128 12:26:34.945" endtime="20210128 12:26:42.957" critical="yes"></status>
</test>
<test id="s1-t10" name="Edit Shipping Details Should Fail (Invalid House Number)">
<kw name="Go To Profile" library="resource" type="setup">
<kw name="Click Profile Icon" library="resource">
<kw name="Click Element" library="SeleniumLibrary">
<doc>Click the element identified by ``locator``.</doc>
<arguments>
<arg>id:proficon</arg>
</arguments>
<msg timestamp="20210128 12:26:42.968" level="INFO">Clicking element 'id:proficon'.</msg>
<status status="PASS" starttime="20210128 12:26:42.968" endtime="20210128 12:26:46.448"></status>
</kw>
<status status="PASS" starttime="20210128 12:26:42.968" endtime="20210128 12:26:46.448"></status>
</kw>
<kw name="Location Should Be" library="SeleniumLibrary">
<doc>Verifies that the current URL is exactly ``url``.</doc>
<arguments>
<arg>${LOGIN URL}</arg>
</arguments>
<msg timestamp="20210128 12:26:46.455" level="INFO">Current location is 'https://salawalco.herokuapp.com/profile'.</msg>
<status status="PASS" starttime="20210128 12:26:46.449" endtime="20210128 12:26:46.455"></status>
</kw>
<kw name="User Profile Should Be Accessible" library="resource">
<kw name="Page Should Contain Element" library="SeleniumLibrary">
<doc>Verifies that element ``locator`` is found on the current page.</doc>
<arguments>
<arg>class:profile-edit</arg>
</arguments>
<msg timestamp="20210128 12:26:46.466" level="INFO">Current page contains element 'class:profile-edit'.</msg>
<status status="PASS" starttime="20210128 12:26:46.456" endtime="20210128 12:26:46.467"></status>
</kw>
<status status="PASS" starttime="20210128 12:26:46.455" endtime="20210128 12:26:46.467"></status>
</kw>
<status status="PASS" starttime="20210128 12:26:42.968" endtime="20210128 12:26:46.467"></status>
</kw>
<kw name="Edit Shipping Details" library="resource">
<kw name="Click Element" library="SeleniumLibrary">
<doc>Click the element identified by ``locator``.</doc>
<arguments>
<arg>id:shipbutton</arg>
</arguments>
<msg timestamp="20210128 12:26:46.468" level="INFO">Clicking element 'id:shipbutton'.</msg>
<status status="PASS" starttime="20210128 12:26:46.468" endtime="20210128 12:26:46.519"></status>
</kw>
<status status="PASS" starttime="20210128 12:26:46.468" endtime="20210128 12:26:46.520"></status>
</kw>
<kw name="Input House Number in Shipping Details" library="resource">
<arguments>
<arg>${INVALID HOUSE NUM}</arg>
</arguments>
<kw name="Input Text" library="SeleniumLibrary">
<doc>Types the given ``text`` into the text field identified by ``locator``.</doc>
<arguments>
<arg>id:houseno</arg>
<arg>${housenum}</arg>
</arguments>
<msg timestamp="20210128 12:26:46.521" level="INFO">Typing text '%$@#$%@$' into text field 'id:houseno'.</msg>
<status status="PASS" starttime="20210128 12:26:46.521" endtime="20210128 12:26:46.645"></status>
</kw>
<status status="PASS" starttime="20210128 12:26:46.521" endtime="20210128 12:26:46.645"></status>
</kw>
<kw name="Submit New Shipping Details" library="resource">
<kw name="Click Button" library="SeleniumLibrary">
<doc>Clicks the button identified by ``locator``.</doc>
<arguments>
<arg>id:shipsubmit</arg>
</arguments>
<msg timestamp="20210128 12:26:46.649" level="INFO">Clicking button 'id:shipsubmit'.</msg>
<status status="PASS" starttime="20210128 12:26:46.647" endtime="20210128 12:26:50.961"></status>
</kw>
<status status="PASS" starttime="20210128 12:26:46.646" endtime="20210128 12:26:50.962"></status>
</kw>
<kw name="Edit Shipping Details Should Have Failed (Invalid House Number)" library="resource">
<kw name="Element Text Should Be" library="SeleniumLibrary">
<doc>Verifies that element ``locator`` contains exact the text ``expected``.</doc>
<arguments>
<arg>id=error-msg</arg>
<arg>Error: House number should only contain letters, numbers, periods, dashes, apostrophes and spaces.</arg>
</arguments>
<msg timestamp="20210128 12:26:50.964" level="INFO">Verifying element 'id=error-msg' contains exact text 'Error: House number should only contain letters, numbers, periods, dashes, apostrophes and spaces.'.</msg>
<status status="PASS" starttime="20210128 12:26:50.963" endtime="20210128 12:26:50.996"></status>
</kw>
<status status="PASS" starttime="20210128 12:26:50.963" endtime="20210128 12:26:50.996"></status>
</kw>
<status status="PASS" starttime="20210128 12:26:42.967" endtime="20210128 12:26:50.997" critical="yes"></status>
</test>
<test id="s1-t11" name="Edit Shipping Details Should Fail (Null House Number)">
<kw name="Go To Profile" library="resource" type="setup">
<kw name="Click Profile Icon" library="resource">
<kw name="Click Element" library="SeleniumLibrary">
<doc>Click the element identified by ``locator``.</doc>
<arguments>
<arg>id:proficon</arg>
</arguments>
<msg timestamp="20210128 12:26:51.005" level="INFO">Clicking element 'id:proficon'.</msg>
<status status="PASS" starttime="20210128 12:26:51.005" endtime="20210128 12:26:54.482"></status>
</kw>
<status status="PASS" starttime="20210128 12:26:51.004" endtime="20210128 12:26:54.482"></status>
</kw>
<kw name="Location Should Be" library="SeleniumLibrary">
<doc>Verifies that the current URL is exactly ``url``.</doc>
<arguments>
<arg>${LOGIN URL}</arg>
</arguments>
<msg timestamp="20210128 12:26:54.490" level="INFO">Current location is 'https://salawalco.herokuapp.com/profile'.</msg>
<status status="PASS" starttime="20210128 12:26:54.482" endtime="20210128 12:26:54.490"></status>
</kw>
<kw name="User Profile Should Be Accessible" library="resource">
<kw name="Page Should Contain Element" library="SeleniumLibrary">
<doc>Verifies that element ``locator`` is found on the current page.</doc>
<arguments>
<arg>class:profile-edit</arg>
</arguments>
<msg timestamp="20210128 12:26:54.503" level="INFO">Current page contains element 'class:profile-edit'.</msg>
<status status="PASS" starttime="20210128 12:26:54.491" endtime="20210128 12:26:54.503"></status>
</kw>
<status status="PASS" starttime="20210128 12:26:54.491" endtime="20210128 12:26:54.503"></status>
</kw>
<status status="PASS" starttime="20210128 12:26:51.000" endtime="20210128 12:26:54.503"></status>
</kw>
<kw name="Edit Shipping Details" library="resource">
<kw name="Click Element" library="SeleniumLibrary">
<doc>Click the element identified by ``locator``.</doc>
<arguments>
<arg>id:shipbutton</arg>
</arguments>
<msg timestamp="20210128 12:26:54.508" level="INFO">Clicking element 'id:shipbutton'.</msg>
<status status="PASS" starttime="20210128 12:26:54.507" endtime="20210128 12:26:54.561"></status>
</kw>
<status status="PASS" starttime="20210128 12:26:54.506" endtime="20210128 12:26:54.562"></status>
</kw>
<kw name="Input House Number in Shipping Details" library="resource">
<arguments>
<arg>${NULL HOUSE NUM}</arg>
</arguments>
<kw name="Input Text" library="SeleniumLibrary">
<doc>Types the given ``text`` into the text field identified by ``locator``.</doc>
<arguments>
<arg>id:houseno</arg>
<arg>${housenum}</arg>
</arguments>
<msg timestamp="20210128 12:26:54.563" level="INFO">Typing text '' into text field 'id:houseno'.</msg>
<status status="PASS" starttime="20210128 12:26:54.563" endtime="20210128 12:26:54.680"></status>
</kw>
<status status="PASS" starttime="20210128 12:26:54.563" endtime="20210128 12:26:54.680"></status>
</kw>
<kw name="Submit New Shipping Details" library="resource">
<kw name="Click Button" library="SeleniumLibrary">
<doc>Clicks the button identified by ``locator``.</doc>
<arguments>
<arg>id:shipsubmit</arg>
</arguments>
<msg timestamp="20210128 12:26:54.682" level="INFO">Clicking button 'id:shipsubmit'.</msg>
<status status="PASS" starttime="20210128 12:26:54.682" endtime="20210128 12:26:59.001"></status>
</kw>
<status status="PASS" starttime="20210128 12:26:54.681" endtime="20210128 12:26:59.001"></status>
</kw>
<kw name="Edit Shipping Details Should Have Failed (Null House Number)" library="resource">
<kw name="Element Text Should Be" library="SeleniumLibrary">
<doc>Verifies that element ``locator`` contains exact the text ``expected``.</doc>
<arguments>
<arg>id=error-msg</arg>
<arg>Error: House Number is required. House number should only contain letters, numbers, periods, dashes, apostrophes and spaces.</arg>
</arguments>
<msg timestamp="20210128 12:26:59.003" level="INFO">Verifying element 'id=error-msg' contains exact text 'Error: House Number is required. House number should only contain letters, numbers, periods, dashes, apostrophes and spaces.'.</msg>
<status status="PASS" starttime="20210128 12:26:59.002" endtime="20210128 12:26:59.038"></status>
</kw>
<status status="PASS" starttime="20210128 12:26:59.002" endtime="20210128 12:26:59.038"></status>
</kw>
<status status="PASS" starttime="20210128 12:26:50.999" endtime="20210128 12:26:59.039" critical="yes"></status>
</test>
<test id="s1-t12" name="Edit Shipping Details Should Fail (Invalid Barangay)">
<kw name="Go To Profile" library="resource" type="setup">
<kw name="Click Profile Icon" library="resource">
<kw name="Click Element" library="SeleniumLibrary">
<doc>Click the element identified by ``locator``.</doc>
<arguments>
<arg>id:proficon</arg>
</arguments>
<msg timestamp="20210128 12:26:59.051" level="INFO">Clicking element 'id:proficon'.</msg>
<status status="PASS" starttime="20210128 12:26:59.051" endtime="20210128 12:27:02.524"></status>
</kw>
<status status="PASS" starttime="20210128 12:26:59.051" endtime="20210128 12:27:02.524"></status>
</kw>
<kw name="Location Should Be" library="SeleniumLibrary">
<doc>Verifies that the current URL is exactly ``url``.</doc>
<arguments>
<arg>${LOGIN URL}</arg>
</arguments>
<msg timestamp="20210128 12:27:02.535" level="INFO">Current location is 'https://salawalco.herokuapp.com/profile'.</msg>
<status status="PASS" starttime="20210128 12:27:02.525" endtime="20210128 12:27:02.535"></status>
</kw>
<kw name="User Profile Should Be Accessible" library="resource">
<kw name="Page Should Contain Element" library="SeleniumLibrary">
<doc>Verifies that element ``locator`` is found on the current page.</doc>
<arguments>
<arg>class:profile-edit</arg>
</arguments>
<msg timestamp="20210128 12:27:02.551" level="INFO">Current page contains element 'class:profile-edit'.</msg>
<status status="PASS" starttime="20210128 12:27:02.536" endtime="20210128 12:27:02.551"></status>
</kw>
<status status="PASS" starttime="20210128 12:27:02.535" endtime="20210128 12:27:02.551"></status>
</kw>
<status status="PASS" starttime="20210128 12:26:59.051" endtime="20210128 12:27:02.552"></status>
</kw>
<kw name="Edit Shipping Details" library="resource">
<kw name="Click Element" library="SeleniumLibrary">
<doc>Click the element identified by ``locator``.</doc>
<arguments>
<arg>id:shipbutton</arg>
</arguments>
<msg timestamp="20210128 12:27:02.553" level="INFO">Clicking element 'id:shipbutton'.</msg>
<status status="PASS" starttime="20210128 12:27:02.552" endtime="20210128 12:27:02.620"></status>
</kw>
<status status="PASS" starttime="20210128 12:27:02.552" endtime="20210128 12:27:02.620"></status>
</kw>
<kw name="Input Barangay in Shipping Details" library="resource">
<arguments>
<arg>${INVALID BARANGAY}</arg>
</arguments>
<kw name="Input Text" library="SeleniumLibrary">
<doc>Types the given ``text`` into the text field identified by ``locator``.</doc>
<arguments>
<arg>id:brngy</arg>
<arg>${barangay}</arg>
</arguments>
<msg timestamp="20210128 12:27:02.622" level="INFO">Typing text '%$@#$' into text field 'id:brngy'.</msg>
<status status="PASS" starttime="20210128 12:27:02.622" endtime="20210128 12:27:02.742"></status>
</kw>
<status status="PASS" starttime="20210128 12:27:02.621" endtime="20210128 12:27:02.742"></status>
</kw>
<kw name="Submit New Shipping Details" library="resource">
<kw name="Click Button" library="SeleniumLibrary">
<doc>Clicks the button identified by ``locator``.</doc>
<arguments>
<arg>id:shipsubmit</arg>
</arguments>
<msg timestamp="20210128 12:27:02.743" level="INFO">Clicking button 'id:shipsubmit'.</msg>
<status status="PASS" starttime="20210128 12:27:02.743" endtime="20210128 12:27:07.104"></status>
</kw>
<status status="PASS" starttime="20210128 12:27:02.743" endtime="20210128 12:27:07.105"></status>
</kw>
<kw name="Edit Shipping Details Should Have Failed (Invalid Barangay)" library="resource">
<kw name="Element Text Should Be" library="SeleniumLibrary">
<doc>Verifies that element ``locator`` contains exact the text ``expected``.</doc>
<arguments>
<arg>id=error-msg</arg>
<arg>Error: Barangay should only contain letters, numbers and spaces.</arg>
</arguments>
<msg timestamp="20210128 12:27:07.106" level="INFO">Verifying element 'id=error-msg' contains exact text 'Error: Barangay should only contain letters, numbers and spaces.'.</msg>
<status status="PASS" starttime="20210128 12:27:07.106" endtime="20210128 12:27:07.143"></status>
</kw>
<status status="PASS" starttime="20210128 12:27:07.105" endtime="20210128 12:27:07.143"></status>
</kw>
<status status="PASS" starttime="20210128 12:26:59.049" endtime="20210128 12:27:07.144" critical="yes"></status>
</test>
<test id="s1-t13" name="Edit Shipping Details Should Fail (Null Barangay)">
<kw name="Go To Profile" library="resource" type="setup">
<kw name="Click Profile Icon" library="resource">
<kw name="Click Element" library="SeleniumLibrary">
<doc>Click the element identified by ``locator``.</doc>
<arguments>
<arg>id:proficon</arg>
</arguments>
<msg timestamp="20210128 12:27:07.158" level="INFO">Clicking element 'id:proficon'.</msg>
<status status="PASS" starttime="20210128 12:27:07.157" endtime="20210128 12:27:10.697"></status>
</kw>
<status status="PASS" starttime="20210128 12:27:07.154" endtime="20210128 12:27:10.697"></status>
</kw>
<kw name="Location Should Be" library="SeleniumLibrary">
<doc>Verifies that the current URL is exactly ``url``.</doc>
<arguments>
<arg>${LOGIN URL}</arg>
</arguments>
<msg timestamp="20210128 12:27:10.707" level="INFO">Current location is 'https://salawalco.herokuapp.com/profile'.</msg>
<status status="PASS" starttime="20210128 12:27:10.697" endtime="20210128 12:27:10.707"></status>
</kw>
<kw name="User Profile Should Be Accessible" library="resource">
<kw name="Page Should Contain Element" library="SeleniumLibrary">
<doc>Verifies that element ``locator`` is found on the current page.</doc>
<arguments>
<arg>class:profile-edit</arg>
</arguments>
<msg timestamp="20210128 12:27:10.717" level="INFO">Current page contains element 'class:profile-edit'.</msg>
<status status="PASS" starttime="20210128 12:27:10.708" endtime="20210128 12:27:10.717"></status>
</kw>
<status status="PASS" starttime="20210128 12:27:10.708" endtime="20210128 12:27:10.717"></status>
</kw>
<status status="PASS" starttime="20210128 12:27:07.151" endtime="20210128 12:27:10.717"></status>
</kw>
<kw name="Edit Shipping Details" library="resource">
<kw name="Click Element" library="SeleniumLibrary">
<doc>Click the element identified by ``locator``.</doc>
<arguments>
<arg>id:shipbutton</arg>
</arguments>
<msg timestamp="20210128 12:27:10.724" level="INFO">Clicking element 'id:shipbutton'.</msg>
<status status="PASS" starttime="20210128 12:27:10.721" endtime="20210128 12:27:10.795"></status>
</kw>
<status status="PASS" starttime="20210128 12:27:10.719" endtime="20210128 12:27:10.795"></status>
</kw>
<kw name="Input Barangay in Shipping Details" library="resource">
<arguments>
<arg>${NULL BARANGAY}</arg>
</arguments>
<kw name="Input Text" library="SeleniumLibrary">
<doc>Types the given ``text`` into the text field identified by ``locator``.</doc>
<arguments>
<arg>id:brngy</arg>
<arg>${barangay}</arg>
</arguments>
<msg timestamp="20210128 12:27:10.797" level="INFO">Typing text '' into text field 'id:brngy'.</msg>
<status status="PASS" starttime="20210128 12:27:10.797" endtime="20210128 12:27:10.896"></status>
</kw>
<status status="PASS" starttime="20210128 12:27:10.797" endtime="20210128 12:27:10.897"></status>
</kw>
<kw name="Submit New Shipping Details" library="resource">
<kw name="Click Button" library="SeleniumLibrary">
<doc>Clicks the button identified by ``locator``.</doc>
<arguments>
<arg>id:shipsubmit</arg>
</arguments>
<msg timestamp="20210128 12:27:10.898" level="INFO">Clicking button 'id:shipsubmit'.</msg>
<status status="PASS" starttime="20210128 12:27:10.898" endtime="20210128 12:27:15.219"></status>
</kw>
<status status="PASS" starttime="20210128 12:27:10.897" endtime="20210128 12:27:15.220"></status>
</kw>
<kw name="Edit Shipping Details Should Have Failed (Null Barangay)" library="resource">
<kw name="Element Text Should Be" library="SeleniumLibrary">
<doc>Verifies that element ``locator`` contains exact the text ``expected``.</doc>
<arguments>
<arg>id=error-msg</arg>
<arg>Error: Barangay is required. Barangay should only contain letters, numbers and spaces.</arg>
</arguments>
<msg timestamp="20210128 12:27:15.221" level="INFO">Verifying element 'id=error-msg' contains exact text 'Error: Barangay is required. Barangay should only contain letters, numbers and spaces.'.</msg>
<status status="PASS" starttime="20210128 12:27:15.221" endtime="20210128 12:27:15.254"></status>
</kw>
<status status="PASS" starttime="20210128 12:27:15.220" endtime="20210128 12:27:15.254"></status>
</kw>
<status status="PASS" starttime="20210128 12:27:07.150" endtime="20210128 12:27:15.255" critical="yes"></status>
</test>
<test id="s1-t14" name="Edit Shipping Details Should Fail (Invalid City)">
<kw name="Go To Profile" library="resource" type="setup">
<kw name="Click Profile Icon" library="resource">
<kw name="Click Element" library="SeleniumLibrary">
<doc>Click the element identified by ``locator``.</doc>
<arguments>
<arg>id:proficon</arg>
</arguments>
<msg timestamp="20210128 12:27:15.263" level="INFO">Clicking element 'id:proficon'.</msg>
<status status="PASS" starttime="20210128 12:27:15.262" endtime="20210128 12:27:18.782"></status>
</kw>
<status status="PASS" starttime="20210128 12:27:15.262" endtime="20210128 12:27:18.782"></status>
</kw>
<kw name="Location Should Be" library="SeleniumLibrary">
<doc>Verifies that the current URL is exactly ``url``.</doc>
<arguments>
<arg>${LOGIN URL}</arg>
</arguments>
<msg timestamp="20210128 12:27:18.788" level="INFO">Current location is 'https://salawalco.herokuapp.com/profile'.</msg>
<status status="PASS" starttime="20210128 12:27:18.782" endtime="20210128 12:27:18.788"></status>
</kw>
<kw name="User Profile Should Be Accessible" library="resource">
<kw name="Page Should Contain Element" library="SeleniumLibrary">
<doc>Verifies that element ``locator`` is found on the current page.</doc>
<arguments>
<arg>class:profile-edit</arg>
</arguments>
<msg timestamp="20210128 12:27:18.802" level="INFO">Current page contains element 'class:profile-edit'.</msg>
<status status="PASS" starttime="20210128 12:27:18.789" endtime="20210128 12:27:18.802"></status>
</kw>
<status status="PASS" starttime="20210128 12:27:18.789" endtime="20210128 12:27:18.803"></status>
</kw>
<status status="PASS" starttime="20210128 12:27:15.258" endtime="20210128 12:27:18.803"></status>
</kw>
<kw name="Edit Shipping Details" library="resource">
<kw name="Click Element" library="SeleniumLibrary">
<doc>Click the element identified by ``locator``.</doc>
<arguments>
<arg>id:shipbutton</arg>
</arguments>
<msg timestamp="20210128 12:27:18.804" level="INFO">Clicking element 'id:shipbutton'.</msg>
<status status="PASS" starttime="20210128 12:27:18.804" endtime="20210128 12:27:18.869"></status>
</kw>
<status status="PASS" starttime="20210128 12:27:18.804" endtime="20210128 12:27:18.869"></status>
</kw>
<kw name="Input City in Shipping Details" library="resource">
<arguments>
<arg>${INVALID CITY}</arg>
</arguments>
<kw name="Input Text" library="SeleniumLibrary">
<doc>Types the given ``text`` into the text field identified by ``locator``.</doc>
<arguments>
<arg>id:city</arg>
<arg>${city}</arg>
</arguments>
<msg timestamp="20210128 12:27:18.872" level="INFO">Typing text '!#!$$@#' into text field 'id:city'.</msg>
<status status="PASS" starttime="20210128 12:27:18.871" endtime="20210128 12:27:18.999"></status>
</kw>
<status status="PASS" starttime="20210128 12:27:18.871" endtime="20210128 12:27:19.000"></status>
</kw>
<kw name="Submit New Shipping Details" library="resource">
<kw name="Click Button" library="SeleniumLibrary">
<doc>Clicks the button identified by ``locator``.</doc>
<arguments>
<arg>id:shipsubmit</arg>
</arguments>
<msg timestamp="20210128 12:27:19.003" level="INFO">Clicking button 'id:shipsubmit'.</msg>
<status status="PASS" starttime="20210128 12:27:19.002" endtime="20210128 12:27:23.281"></status>
</kw>
<status status="PASS" starttime="20210128 12:27:19.002" endtime="20210128 12:27:23.281"></status>
</kw>
<kw name="Edit Shipping Details Should Have Failed (Invalid City)" library="resource">
<kw name="Element Text Should Be" library="SeleniumLibrary">
<doc>Verifies that element ``locator`` contains exact the text ``expected``.</doc>
<arguments>
<arg>id=error-msg</arg>
<arg>Error: City should only contain letters, periods, dashes and spaces.</arg>
</arguments>
<msg timestamp="20210128 12:27:23.283" level="INFO">Verifying element 'id=error-msg' contains exact text 'Error: City should only contain letters, periods, dashes and spaces.'.</msg>
<status status="PASS" starttime="20210128 12:27:23.282" endtime="20210128 12:27:23.316"></status>
</kw>
<status status="PASS" starttime="20210128 12:27:23.282" endtime="20210128 12:27:23.316"></status>
</kw>
<status status="PASS" starttime="20210128 12:27:15.257" endtime="20210128 12:27:23.318" critical="yes"></status>
</test>
<test id="s1-t15" name="Edit Shipping Details Should Fail (Null City)">
<kw name="Go To Profile" library="resource" type="setup">
<kw name="Click Profile Icon" library="resource">
<kw name="Click Element" library="SeleniumLibrary">
<doc>Click the element identified by ``locator``.</doc>
<arguments>
<arg>id:proficon</arg>
</arguments>
<msg timestamp="20210128 12:27:23.326" level="INFO">Clicking element 'id:proficon'.</msg>
<status status="PASS" starttime="20210128 12:27:23.326" endtime="20210128 12:27:26.795"></status>
</kw>
<status status="PASS" starttime="20210128 12:27:23.325" endtime="20210128 12:27:26.795"></status>
</kw>
<kw name="Location Should Be" library="SeleniumLibrary">
<doc>Verifies that the current URL is exactly ``url``.</doc>
<arguments>
<arg>${LOGIN URL}</arg>
</arguments>
<msg timestamp="20210128 12:27:26.801" level="INFO">Current location is 'https://salawalco.herokuapp.com/profile'.</msg>
<status status="PASS" starttime="20210128 12:27:26.795" endtime="20210128 12:27:26.802"></status>
</kw>
<kw name="User Profile Should Be Accessible" library="resource">
<kw name="Page Should Contain Element" library="SeleniumLibrary">
<doc>Verifies that element ``locator`` is found on the current page.</doc>
<arguments>
<arg>class:profile-edit</arg>
</arguments>
<msg timestamp="20210128 12:27:26.818" level="INFO">Current page contains element 'class:profile-edit'.</msg>
<status status="PASS" starttime="20210128 12:27:26.805" endtime="20210128 12:27:26.818"></status>
</kw>
<status status="PASS" starttime="20210128 12:27:26.802" endtime="20210128 12:27:26.818"></status>
</kw>
<status status="PASS" starttime="20210128 12:27:23.325" endtime="20210128 12:27:26.819"></status>
</kw>
<kw name="Edit Shipping Details" library="resource">
<kw name="Click Element" library="SeleniumLibrary">
<doc>Click the element identified by ``locator``.</doc>
<arguments>
<arg>id:shipbutton</arg>
</arguments>
<msg timestamp="20210128 12:27:26.824" level="INFO">Clicking element 'id:shipbutton'.</msg>
<status status="PASS" starttime="20210128 12:27:26.823" endtime="20210128 12:27:26.882"></status>
</kw>
<status status="PASS" starttime="20210128 12:27:26.823" endtime="20210128 12:27:26.883"></status>
</kw>
<kw name="Input City in Shipping Details" library="resource">
<arguments>
<arg>${NULL CITY}</arg>
</arguments>
<kw name="Input Text" library="SeleniumLibrary">
<doc>Types the given ``text`` into the text field identified by ``locator``.</doc>
<arguments>
<arg>id:city</arg>
<arg>${city}</arg>
</arguments>
<msg timestamp="20210128 12:27:26.885" level="INFO">Typing text '' into text field 'id:city'.</msg>
<status status="PASS" starttime="20210128 12:27:26.884" endtime="20210128 12:27:26.999"></status>
</kw>
<status status="PASS" starttime="20210128 12:27:26.883" endtime="20210128 12:27:26.999"></status>
</kw>
<kw name="Submit New Shipping Details" library="resource">
<kw name="Click Button" library="SeleniumLibrary">
<doc>Clicks the button identified by ``locator``.</doc>
<arguments>
<arg>id:shipsubmit</arg>
</arguments>
<msg timestamp="20210128 12:27:27.000" level="INFO">Clicking button 'id:shipsubmit'.</msg>
<status status="PASS" starttime="20210128 12:27:27.000" endtime="20210128 12:27:31.353"></status>
</kw>
<status status="PASS" starttime="20210128 12:27:27.000" endtime="20210128 12:27:31.353"></status>
</kw>
<kw name="Edit Shipping Details Should Have Failed (Null City)" library="resource">
<kw name="Element Text Should Be" library="SeleniumLibrary">
<doc>Verifies that element ``locator`` contains exact the text ``expected``.</doc>
<arguments>
<arg>id=error-msg</arg>
<arg>Error: City is required. City should only contain letters, periods, dashes and spaces.</arg>
</arguments>
<msg timestamp="20210128 12:27:31.356" level="INFO">Verifying element 'id=error-msg' contains exact text 'Error: City is required. City should only contain letters, periods, dashes and spaces.'.</msg>
<status status="PASS" starttime="20210128 12:27:31.355" endtime="20210128 12:27:31.400"></status>
</kw>
<status status="PASS" starttime="20210128 12:27:31.355" endtime="20210128 12:27:31.400"></status>
</kw>
<status status="PASS" starttime="20210128 12:27:23.324" endtime="20210128 12:27:31.401" critical="yes"></status>
</test>
<test id="s1-t16" name="Edit Shipping Details Should Fail (Invalid Province)">
<kw name="Go To Profile" library="resource" type="setup">
<kw name="Click Profile Icon" library="resource">
<kw name="Click Element" library="SeleniumLibrary">
<doc>Click the element identified by ``locator``.</doc>
<arguments>
<arg>id:proficon</arg>
</arguments>
<msg timestamp="20210128 12:27:31.416" level="INFO">Clicking element 'id:proficon'.</msg>
<status status="PASS" starttime="20210128 12:27:31.415" endtime="20210128 12:27:34.917"></status>
</kw>
<status status="PASS" starttime="20210128 12:27:31.415" endtime="20210128 12:27:34.917"></status>
</kw>
<kw name="Location Should Be" library="SeleniumLibrary">
<doc>Verifies that the current URL is exactly ``url``.</doc>
<arguments>
<arg>${LOGIN URL}</arg>
</arguments>
<msg timestamp="20210128 12:27:34.926" level="INFO">Current location is 'https://salawalco.herokuapp.com/profile'.</msg>
<status status="PASS" starttime="20210128 12:27:34.918" endtime="20210128 12:27:34.926"></status>
</kw>
<kw name="User Profile Should Be Accessible" library="resource">
<kw name="Page Should Contain Element" library="SeleniumLibrary">
<doc>Verifies that element ``locator`` is found on the current page.</doc>
<arguments>
<arg>class:profile-edit</arg>
</arguments>
<msg timestamp="20210128 12:27:34.943" level="INFO">Current page contains element 'class:profile-edit'.</msg>
<status status="PASS" starttime="20210128 12:27:34.927" endtime="20210128 12:27:34.943"></status>
</kw>
<status status="PASS" starttime="20210128 12:27:34.926" endtime="20210128 12:27:34.943"></status>
</kw>
<status status="PASS" starttime="20210128 12:27:31.414" endtime="20210128 12:27:34.943"></status>
</kw>
<kw name="Edit Shipping Details" library="resource">
<kw name="Click Element" library="SeleniumLibrary">
<doc>Click the element identified by ``locator``.</doc>
<arguments>
<arg>id:shipbutton</arg>
</arguments>
<msg timestamp="20210128 12:27:34.949" level="INFO">Clicking element 'id:shipbutton'.</msg>
<status status="PASS" starttime="20210128 12:27:34.948" endtime="20210128 12:27:35.000"></status>
</kw>
<status status="PASS" starttime="20210128 12:27:34.944" endtime="20210128 12:27:35.000"></status>
</kw>
<kw name="Input Province in Shipping Details" library="resource">
<arguments>
<arg>${INVALID PROVINCE}</arg>
</arguments>
<kw name="Input Text" library="SeleniumLibrary">
<doc>Types the given ``text`` into the text field identified by ``locator``.</doc>
<arguments>
<arg>id:prov</arg>
<arg>${province}</arg>
</arguments>
<msg timestamp="20210128 12:27:35.002" level="INFO">Typing text '!@#!@##!' into text field 'id:prov'.</msg>
<status status="PASS" starttime="20210128 12:27:35.002" endtime="20210128 12:27:35.125"></status>
</kw>
<status status="PASS" starttime="20210128 12:27:35.001" endtime="20210128 12:27:35.125"></status>
</kw>
<kw name="Submit New Shipping Details" library="resource">
<kw name="Click Button" library="SeleniumLibrary">
<doc>Clicks the button identified by ``locator``.</doc>
<arguments>
<arg>id:shipsubmit</arg>
</arguments>
<msg timestamp="20210128 12:27:35.127" level="INFO">Clicking button 'id:shipsubmit'.</msg>
<status status="PASS" starttime="20210128 12:27:35.127" endtime="20210128 12:27:39.441"></status>
</kw>
<status status="PASS" starttime="20210128 12:27:35.126" endtime="20210128 12:27:39.441"></status>
</kw>
<kw name="Edit Shipping Details Should Have Failed (Invalid Province)" library="resource">
<kw name="Element Text Should Be" library="SeleniumLibrary">
<doc>Verifies that element ``locator`` contains exact the text ``expected``.</doc>
<arguments>
<arg>id=error-msg</arg>
<arg>Error: Province should only contain letters and spaces.</arg>
</arguments>
<msg timestamp="20210128 12:27:39.443" level="INFO">Verifying element 'id=error-msg' contains exact text 'Error: Province should only contain letters and spaces.'.</msg>
<status status="PASS" starttime="20210128 12:27:39.443" endtime="20210128 12:27:39.474"></status>
</kw>
<status status="PASS" starttime="20210128 12:27:39.442" endtime="20210128 12:27:39.475"></status>
</kw>
<status status="PASS" starttime="20210128 12:27:31.411" endtime="20210128 12:27:39.475" critical="yes"></status>
</test>
<test id="s1-t17" name="Edit Shipping Details Should Fail (Null Province)">
<kw name="Go To Profile" library="resource" type="setup">
<kw name="Click Profile Icon" library="resource">
<kw name="Click Element" library="SeleniumLibrary">
<doc>Click the element identified by ``locator``.</doc>
<arguments>
<arg>id:proficon</arg>
</arguments>
<msg timestamp="20210128 12:27:39.479" level="INFO">Clicking element 'id:proficon'.</msg>
<status status="PASS" starttime="20210128 12:27:39.479" endtime="20210128 12:27:42.948"></status>
</kw>
<status status="PASS" starttime="20210128 12:27:39.478" endtime="20210128 12:27:42.948"></status>
</kw>
<kw name="Location Should Be" library="SeleniumLibrary">
<doc>Verifies that the current URL is exactly ``url``.</doc>
<arguments>
<arg>${LOGIN URL}</arg>
</arguments>
<msg timestamp="20210128 12:27:42.958" level="INFO">Current location is 'https://salawalco.herokuapp.com/profile'.</msg>
<status status="PASS" starttime="20210128 12:27:42.948" endtime="20210128 12:27:42.958"></status>
</kw>
<kw name="User Profile Should Be Accessible" library="resource">
<kw name="Page Should Contain Element" library="SeleniumLibrary">
<doc>Verifies that element ``locator`` is found on the current page.</doc>
<arguments>
<arg>class:profile-edit</arg>
</arguments>
<msg timestamp="20210128 12:27:42.967" level="INFO">Current page contains element 'class:profile-edit'.</msg>
<status status="PASS" starttime="20210128 12:27:42.959" endtime="20210128 12:27:42.967"></status>
</kw>
<status status="PASS" starttime="20210128 12:27:42.958" endtime="20210128 12:27:42.968"></status>
</kw>
<status status="PASS" starttime="20210128 12:27:39.478" endtime="20210128 12:27:42.968"></status>
</kw>
<kw name="Edit Shipping Details" library="resource">
<kw name="Click Element" library="SeleniumLibrary">
<doc>Click the element identified by ``locator``.</doc>
<arguments>
<arg>id:shipbutton</arg>
</arguments>
<msg timestamp="20210128 12:27:42.972" level="INFO">Clicking element 'id:shipbutton'.</msg>
<status status="PASS" starttime="20210128 12:27:42.970" endtime="20210128 12:27:43.019"></status>
</kw>
<status status="PASS" starttime="20210128 12:27:42.969" endtime="20210128 12:27:43.021"></status>
</kw>
<kw name="Input Province in Shipping Details" library="resource">
<arguments>
<arg>${NULL PROVINCE}</arg>
</arguments>
<kw name="Input Text" library="SeleniumLibrary">
<doc>Types the given ``text`` into the text field identified by ``locator``.</doc>
<arguments>
<arg>id:prov</arg>
<arg>${province}</arg>
</arguments>
<msg timestamp="20210128 12:27:43.025" level="INFO">Typing text '' into text field 'id:prov'.</msg>
<status status="PASS" starttime="20210128 12:27:43.024" endtime="20210128 12:27:43.133"></status>
</kw>
<status status="PASS" starttime="20210128 12:27:43.023" endtime="20210128 12:27:43.133"></status>
</kw>
<kw name="Submit New Shipping Details" library="resource">
<kw name="Click Button" library="SeleniumLibrary">
<doc>Clicks the button identified by ``locator``.</doc>
<arguments>
<arg>id:shipsubmit</arg>
</arguments>
<msg timestamp="20210128 12:27:43.134" level="INFO">Clicking button 'id:shipsubmit'.</msg>
<status status="PASS" starttime="20210128 12:27:43.134" endtime="20210128 12:27:47.473"></status>
</kw>
<status status="PASS" starttime="20210128 12:27:43.134" endtime="20210128 12:27:47.474"></status>
</kw>
<kw name="Edit Shipping Details Should Have Failed (Null Province)" library="resource">
<kw name="Element Text Should Be" library="SeleniumLibrary">
<doc>Verifies that element ``locator`` contains exact the text ``expected``.</doc>
<arguments>
<arg>id=error-msg</arg>
<arg>Error: Province is required. Province should only contain letters and spaces.</arg>
</arguments>
<msg timestamp="20210128 12:27:47.477" level="INFO">Verifying element 'id=error-msg' contains exact text 'Error: Province is required. Province should only contain letters and spaces.'.</msg>
<status status="PASS" starttime="20210128 12:27:47.477" endtime="20210128 12:27:47.508"></status>
</kw>
<status status="PASS" starttime="20210128 12:27:47.476" endtime="20210128 12:27:47.509"></status>
</kw>
<status status="PASS" starttime="20210128 12:27:39.477" endtime="20210128 12:27:47.511" critical="yes"></status>
</test>
<kw name="Close Browser" library="SeleniumLibrary" type="teardown">
<doc>Closes the current browser.</doc>
<status status="PASS" starttime="20210128 12:27:47.517" endtime="20210128 12:27:49.760"></status>
</kw>
<doc>A test suite with a single test for a Invalid editing of profile

This test has a workflow that is created using keywords
directly from SeleniumLibrary</doc>
<status status="PASS" starttime="20210128 12:24:59.484" endtime="20210128 12:27:49.760"></status>
</suite>
<statistics>
<total>
<stat pass="17" fail="0">Critical Tests</stat>
<stat pass="17" fail="0">All Tests</stat>
</total>
<tag>
</tag>
<suite>
<stat pass="17" fail="0" id="s1" name="Invalid Edit Profile">Invalid Edit Profile</stat>
</suite>
</statistics>
<errors>
</errors>
</robot>
